<?xml version="1.0" encoding="UTF-8"?>
<!-- Generated by org.testng.reporters.JUnitXMLReporter -->
<testsuite hostname="User-PC" ignored="0" tests="3" failures="1" timestamp="09 Feb 2017 12:27:17 GMT" time="15.081" errors="0">
  <testcase name="Login" time="5.918" classname="amazondropdown"/>
  <testcase name="CheckAllCategories" time="9.266" classname="amazondropdown"/>
  <testcase name="CheckSearchSuggestions" time="9.571" classname="amazondropdown">
    <failure type="java.lang.AssertionError" message="expected [hard drive in Electronics] but found [hard drive in Amazon Fashion]">
      <![CDATA[java.lang.AssertionError: expected [hard drive in Electronics] but found [hard drive in Amazon Fashion]
	at amazondropdown.CheckSearchSuggestions(amazondropdown.java:92)
	at java.util.concurrent.ThreadPoolExecutor.runWorker(ThreadPoolExecutor.java:1142)
	at java.util.concurrent.ThreadPoolExecutor$Worker.run(ThreadPoolExecutor.java:617)
	at java.lang.Thread.run(Thread.java:745)
... Removed 16 stack frames]]>
    </failure>
  </testcase> <!-- CheckSearchSuggestions -->
</testsuite>
