<?xml version="1.0" encoding="UTF-8"?>
<testng-results skipped="0" failed="0" ignored="0" total="1" passed="1">
  <reporter-output>
  </reporter-output>
  <suite name="Default suite" duration-ms="14933" started-at="2017-01-23T10:02:06Z" finished-at="2017-01-23T10:02:21Z">
    <groups>
    </groups>
    <test name="Default test" duration-ms="14933" started-at="2017-01-23T10:02:06Z" finished-at="2017-01-23T10:02:21Z">
      <class name="javaarray.testbed">
        <test-method status="PASS" signature="sampletest()[pri:0, instance:javaarray.testbed@224edc67]" name="sampletest" duration-ms="14893" started-at="2017-01-23T15:32:06Z" finished-at="2017-01-23T15:32:21Z">
          <reporter-output>
          </reporter-output>
        </test-method> <!-- sampletest -->
      </class> <!-- javaarray.testbed -->
    </test> <!-- Default test -->
  </suite> <!-- Default suite -->
</testng-results>
