<?xml version="1.0" encoding="UTF-8"?>
<testng-results skipped="0" failed="0" total="1" passed="1">
  <reporter-output>
  </reporter-output>
  <suite name="Default suite" duration-ms="10951" started-at="2017-02-07T10:43:37Z" finished-at="2017-02-07T10:43:48Z">
    <groups>
    </groups>
    <test name="Default test" duration-ms="10951" started-at="2017-02-07T10:43:37Z" finished-at="2017-02-07T10:43:48Z">
      <class name="com.cashkaro.testScripts.sampleTest">
        <test-method status="PASS" signature="test1()[pri:0, instance:com.cashkaro.testScripts.sampleTest@66480dd7]" name="test1" duration-ms="10834" started-at="2017-02-07T16:13:38Z" finished-at="2017-02-07T16:13:48Z">
          <reporter-output>
          </reporter-output>
        </test-method> <!-- test1 -->
      </class> <!-- com.cashkaro.testScripts.sampleTest -->
    </test> <!-- Default test -->
  </suite> <!-- Default suite -->
</testng-results>
