<?xml version="1.0" encoding="UTF-8"?>
<testng-results skipped="0" failed="0" total="1" passed="1">
  <reporter-output>
  </reporter-output>
  <suite name="Default suite" duration-ms="9599" started-at="2017-01-31T06:56:33Z" finished-at="2017-01-31T06:56:43Z">
    <groups>
    </groups>
    <test name="Default test" duration-ms="9599" started-at="2017-01-31T06:56:33Z" finished-at="2017-01-31T06:56:43Z">
      <class name="com.cashkaro.testScripts.testWeb">
        <test-method status="PASS" signature="openForgotPasswordFrame()[pri:0, instance:com.cashkaro.testScripts.testWeb@66480dd7]" name="openForgotPasswordFrame" duration-ms="9575" started-at="2017-01-31T12:26:33Z" finished-at="2017-01-31T12:26:43Z">
          <reporter-output>
          </reporter-output>
        </test-method> <!-- openForgotPasswordFrame -->
      </class> <!-- com.cashkaro.testScripts.testWeb -->
    </test> <!-- Default test -->
  </suite> <!-- Default suite -->
</testng-results>
