<?xml version="1.0" encoding="UTF-8"?>
<!-- Generated by org.testng.reporters.JUnitXMLReporter -->
<testsuite hostname="User-PC" name="Join With Facebook" tests="5" failures="1" timestamp="4 Feb 2017 08:43:53 GMT" time="14.007" errors="0">
  <testcase name="openHomePage" time="9.633" classname="com.cashkaro.testScripts.testJoinWithFaceBook"/>
  <testcase name="openJoinFreePage" time="4.137" classname="com.cashkaro.testScripts.testJoinWithFaceBook">
    <failure type="java.lang.NullPointerException">
      <![CDATA[java.lang.NullPointerException
	at org.openqa.selenium.support.ui.ExpectedConditions.elementIfVisible(ExpectedConditions.java:302)
	at org.openqa.selenium.support.ui.ExpectedConditions.access$100(ExpectedConditions.java:41)
	at org.openqa.selenium.support.ui.ExpectedConditions$10.apply(ExpectedConditions.java:288)
	at org.openqa.selenium.support.ui.ExpectedConditions$10.apply(ExpectedConditions.java:285)
	at org.openqa.selenium.support.ui.ExpectedConditions$23.apply(ExpectedConditions.java:684)
	at org.openqa.selenium.support.ui.ExpectedConditions$23.apply(ExpectedConditions.java:677)
	at org.openqa.selenium.support.ui.FluentWait.until(FluentWait.java:238)
	at com.cashkaro.testutil.Utils.elemWait(Utils.java:119)
	at com.cashkaro.pageLibrary.homePage.homePage.clickJoinFreeButton(homePage.java:28)
	at com.cashkaro.testScripts.testJoinWithFaceBook.openJoinFreePage(testJoinWithFaceBook.java:38)
	at org.apache.maven.surefire.testng.TestNGExecutor.run(TestNGExecutor.java:293)
	at org.apache.maven.surefire.testng.TestNGXmlTestSuite.execute(TestNGXmlTestSuite.java:84)
	at org.apache.maven.surefire.testng.TestNGProvider.invoke(TestNGProvider.java:91)
	at org.apache.maven.surefire.booter.ForkedBooter.invokeProviderInSameClassLoader(ForkedBooter.java:200)
	at org.apache.maven.surefire.booter.ForkedBooter.runSuitesInProcess(ForkedBooter.java:153)
	at org.apache.maven.surefire.booter.ForkedBooter.main(ForkedBooter.java:103)
... Removed 21 stack frames]]>
    </failure>
  </testcase> <!-- openJoinFreePage -->
  <testcase name="openJoinFB" time="0.0" classname="com.cashkaro.testScripts.testJoinWithFaceBook">
    <skipped/>
  </testcase> <!-- openJoinFB -->
  <testcase name="validateFBLinks" time="0.0" classname="com.cashkaro.testScripts.testJoinWithFaceBook">
    <skipped/>
  </testcase> <!-- validateFBLinks -->
  <testcase name="tearDown" time="0.003" classname="com.cashkaro.testScripts.testJoinWithFaceBook">
    <skipped/>
  </testcase> <!-- tearDown -->
</testsuite> <!-- Join With Facebook -->
