<?xml version="1.0" encoding="UTF-8"?>
<!-- Generated by org.testng.reporters.JUnitXMLReporter -->
<testsuite hostname="User-PC" name="Sample1 Tests" tests="1" failures="1" timestamp="4 Feb 2017 13:28:52 GMT" time="38.729" errors="0">
  <testcase name="openForgotPasswordFrame" time="38.688" classname="com.test.test11">
    <failure type="junit.framework.ComparisonFailure" message="expected:&amp;lt;[3]&amp;gt; but was:&amp;lt;[1]&amp;gt;">
      <![CDATA[junit.framework.ComparisonFailure: expected:<[3]> but was:<[1]>
	at junit.framework.Assert.assertEquals(Assert.java:85)
	at junit.framework.Assert.assertEquals(Assert.java:91)
	at com.test.test11.openForgotPasswordFrame(test11.java:30)
... Removed 24 stack frames]]>
    </failure>
  </testcase> <!-- openForgotPasswordFrame -->
</testsuite> <!-- Sample1 Tests -->
