<?xml version="1.0" encoding="UTF-8"?>
<!-- Generated by org.testng.reporters.JUnitXMLReporter -->
<testsuite hostname="User-PC" ignored="0" tests="8" failures="0" timestamp="10 Feb 2017 09:29:06 GMT" time="72.435" errors="0">
  <testcase name="Login" time="5.737" classname="amazondropdown"/>
  <testcase name="verifyImageSliding" time="3.836" classname="amazondropdown"/>
  <testcase name="CheckAllCategories" time="34.559" classname="amazondropdown"/>
  <testcase name="CheckSearchSuggestions" time="1.26" classname="amazondropdown"/>
  <testcase name="CheckYourLists" time="20.13" classname="amazondropdown"/>
  <testcase name="CheckYourOrders" time="0.319" classname="amazondropdown"/>
  <testcase name="VerifyCartContent" time="0.075" classname="amazondropdown"/>
  <testcase name="verifyTryPrime" time="0.239" classname="amazondropdown"/>
</testsuite>
