<?xml version="1.0" encoding="UTF-8"?>
<!-- Generated by org.testng.reporters.JUnitXMLReporter -->
<testsuite hostname="User-PC" name="Forgot Password Tests" tests="5" failures="0" timestamp="4 Feb 2017 09:39:39 GMT" time="27.847" errors="0">
  <testcase name="openHomePage" time="14.939" classname="com.t2s.testScripts.calculationtest"/>
  <testcase name="validateAddition" time="4.526" classname="com.t2s.testScripts.calculationtest"/>
  <testcase name="validateAddition" time="2.302" classname="com.t2s.testScripts.calculationtest"/>
  <testcase name="validateSubstraction" time="2.21" classname="com.t2s.testScripts.calculationtest"/>
  <testcase name="validateSubstraction" time="2.393" classname="com.t2s.testScripts.calculationtest"/>
</testsuite> <!-- Forgot Password Tests -->
