<?xml version="1.0" encoding="UTF-8"?>
<testng-results skipped="5" failed="11" total="28" passed="12">
  <reporter-output>
    <line>
      <![CDATA[From listner - Starting the test org.testng.TestRunner@4ae82894]]>
    </line>
    <line>
      <![CDATA[Close browser error]]>
    </line>
    <line>
      <![CDATA[Webelement --> 'cashkaro.homePage.signInLink' was not found in the page.Error --> 'Session ID is null. Using WebDriver after calling quit()?
Build info: version: '3.0.1', revision: '1969d75', time: '2016-10-18 09:49:13 -0700'
System info: host: 'User-PC', ip: '192.168.1.3', os.name: 'Windows 7', os.arch: 'amd64', os.version: '6.1', java.version: '1.8.0_111'
Driver info: driver.version: RemoteWebDriver]]>
    </line>
    <line>
      <![CDATA[From listner - The test failed out [TestResult name=openForgotPasswordFrame status=FAILURE method=testforgotPassWord.openForgotPasswordFrame()[pri:0, instance:com.cashkaro.testScripts.testforgotPassWord@4524411f] output=Webelement --> 'cashkaro.homePage.signInLink' was not found in the page.Error --> 'Session ID is null. Using WebDriver after calling quit()?
Build info: version: '3.0.1', revision: '1969d75', time: '2016-10-18 09:49:13 -0700'
System info: host: 'User-PC', ip: '192.168.1.3', os.name: 'Windows 7', os.arch: 'amd64', os.version: '6.1', java.version: '1.8.0_111'
Driver info: driver.version: RemoteWebDriver]]]>
    </line>
    <line>
      <![CDATA[From listner - The test failed out [TestResult name=openForgotPasswordFrame status=FAILURE method=testforgotPassWord.openForgotPasswordFrame()[pri:0, instance:com.cashkaro.testScripts.testforgotPassWord@4524411f] output=Webelement --> 'cashkaro.homePage.signInLink' was not found in the page.Error --> 'Session ID is null. Using WebDriver after calling quit()?
Build info: version: '3.0.1', revision: '1969d75', time: '2016-10-18 09:49:13 -0700'
System info: host: 'User-PC', ip: '192.168.1.3', os.name: 'Windows 7', os.arch: 'amd64', os.version: '6.1', java.version: '1.8.0_111'
Driver info: driver.version: RemoteWebDriver]]]>
    </line>
    <line>
      <![CDATA[From listner - The test failed out [TestResult name=testforgotPasswordFrame status=SKIP method=testforgotPassWord.testforgotPasswordFrame(java.lang.String, java.lang.String)[pri:0, instance:com.cashkaro.testScripts.testforgotPassWord@4524411f] output={null}]]]>
    </line>
    <line>
      <![CDATA[From listner - The test failed out [TestResult name=closeforgotPasswordFrame status=SKIP method=testforgotPassWord.closeforgotPasswordFrame()[pri:0, instance:com.cashkaro.testScripts.testforgotPassWord@4524411f] output={null}]]]>
    </line>
    <line>
      <![CDATA[From listner - Ending the test org.testng.TestRunner@4ae82894]]>
    </line>
    <line>
      <![CDATA[From listner - Starting the test org.testng.TestRunner@1608bcbd]]>
    </line>
    <line>
      <![CDATA[Webelement --> 'cashkaro.homePage.signInLink' was found in the page.]]>
    </line>
    <line>
      <![CDATA[Webelement --> 'cashkaro.homePage.signInLink' was found in the page.]]>
    </line>
    <line>
      <![CDATA[Clicked on Webelement --> 'cashkaro.homePage.signInLink']]>
    </line>
    <line>
      <![CDATA[Webelement --> 'cashkaro.signInframe' was found in the page.]]>
    </line>
    <line>
      <![CDATA[Control switched to frame --> '[[ChromeDriver: chrome on XP (17ff695645f9b9cbc45623f7fae0d8cf)] -> class name: cboxIframe]']]>
    </line>
    <line>
      <![CDATA[Webelement --> 'cashkaro.signInPage.forgotPwdink' was found in the page.]]>
    </line>
    <line>
      <![CDATA[Webelement --> 'cashkaro.homePage.signInLink' was not found in the page.Error --> 'no such element: Unable to locate element: {"method":"link text","selector":"SIGN IN"}
  (Session info: chrome=55.0.2883.87)
  (Driver info: chromedriver=2.25.426923 (0390b88869384d6eb0d5d09729679f934aab9eed),platform=Windows NT 6.1.7600 x86_64) (WARNING: The server did not provide any stacktrace information)
Command duration or timeout: 122 milliseconds
For documentation on this error, please visit: http://seleniumhq.org/exceptions/no_such_element.html
Build info: version: '3.0.1', revision: '1969d75', time: '2016-10-18 09:49:13 -0700'
System info: host: 'User-PC', ip: '192.168.1.3', os.name: 'Windows 7', os.arch: 'amd64', os.version: '6.1', java.version: '1.8.0_111'
Driver info: org.openqa.selenium.chrome.ChromeDriver
Capabilities [{applicationCacheEnabled=false, rotatable=false, mobileEmulationEnabled=false, networkConnectionEnabled=false, chrome={chromedriverVersion=2.25.426923 (0390b88869384d6eb0d5d09729679f934aab9eed), userDataDir=C:\Users\User\AppData\Local\Temp\scoped_dir4768_31259}, takesHeapSnapshot=true, pageLoadStrategy=normal, databaseEnabled=false, handlesAlerts=true, hasTouchScreen=false, version=55.0.2883.87, platform=XP, browserConnectionEnabled=false, nativeEvents=true, acceptSslCerts=true, locationContextEnabled=true, webStorageEnabled=true, browserName=chrome, takesScreenshot=true, javascriptEnabled=true, cssSelectorsEnabled=true}]
Session ID: 17ff695645f9b9cbc45623f7fae0d8cf
*** Element info: {Using=link text, value=SIGN IN}]]>
    </line>
    <line>
      <![CDATA[From listner - The test failed out [TestResult name=validSignINFrame status=FAILURE method=testLogin.validSignINFrame(java.lang.String, java.lang.String, java.lang.String)[pri:0, instance:com.cashkaro.testScripts.testLogin@5c18298f] output=Webelement --> 'cashkaro.homePage.signInLink' was not found in the page.Error --> 'no such element: Unable to locate element: {"method":"link text","selector":"SIGN IN"}
  (Session info: chrome=55.0.2883.87)
  (Driver info: chromedriver=2.25.426923 (0390b88869384d6eb0d5d09729679f934aab9eed),platform=Windows NT 6.1.7600 x86_64) (WARNING: The server did not provide any stacktrace information)
Command duration or timeout: 122 milliseconds
For documentation on this error, please visit: http://seleniumhq.org/exceptions/no_such_element.html
Build info: version: '3.0.1', revision: '1969d75', time: '2016-10-18 09:49:13 -0700'
System info: host: 'User-PC', ip: '192.168.1.3', os.name: 'Windows 7', os.arch: 'amd64', os.version: '6.1', java.version: '1.8.0_111'
Driver info: org.openqa.selenium.chrome.ChromeDriver
Capabilities [{applicationCacheEnabled=false, rotatable=false, mobileEmulationEnabled=false, networkConnectionEnabled=false, chrome={chromedriverVersion=2.25.426923 (0390b88869384d6eb0d5d09729679f934aab9eed), userDataDir=C:\Users\User\AppData\Local\Temp\scoped_dir4768_31259}, takesHeapSnapshot=true, pageLoadStrategy=normal, databaseEnabled=false, handlesAlerts=true, hasTouchScreen=false, version=55.0.2883.87, platform=XP, browserConnectionEnabled=false, nativeEvents=true, acceptSslCerts=true, locationContextEnabled=true, webStorageEnabled=true, browserName=chrome, takesScreenshot=true, javascriptEnabled=true, cssSelectorsEnabled=true}]
Session ID: 17ff695645f9b9cbc45623f7fae0d8cf
*** Element info: {Using=link text, value=SIGN IN}]]]>
    </line>
    <line>
      <![CDATA[From listner - The test failed out [TestResult name=validSignINFrame status=FAILURE method=testLogin.validSignINFrame(java.lang.String, java.lang.String, java.lang.String)[pri:0, instance:com.cashkaro.testScripts.testLogin@5c18298f] output=Webelement --> 'cashkaro.homePage.signInLink' was not found in the page.Error --> 'no such element: Unable to locate element: {"method":"link text","selector":"SIGN IN"}
  (Session info: chrome=55.0.2883.87)
  (Driver info: chromedriver=2.25.426923 (0390b88869384d6eb0d5d09729679f934aab9eed),platform=Windows NT 6.1.7600 x86_64) (WARNING: The server did not provide any stacktrace information)
Command duration or timeout: 122 milliseconds
For documentation on this error, please visit: http://seleniumhq.org/exceptions/no_such_element.html
Build info: version: '3.0.1', revision: '1969d75', time: '2016-10-18 09:49:13 -0700'
System info: host: 'User-PC', ip: '192.168.1.3', os.name: 'Windows 7', os.arch: 'amd64', os.version: '6.1', java.version: '1.8.0_111'
Driver info: org.openqa.selenium.chrome.ChromeDriver
Capabilities [{applicationCacheEnabled=false, rotatable=false, mobileEmulationEnabled=false, networkConnectionEnabled=false, chrome={chromedriverVersion=2.25.426923 (0390b88869384d6eb0d5d09729679f934aab9eed), userDataDir=C:\Users\User\AppData\Local\Temp\scoped_dir4768_31259}, takesHeapSnapshot=true, pageLoadStrategy=normal, databaseEnabled=false, handlesAlerts=true, hasTouchScreen=false, version=55.0.2883.87, platform=XP, browserConnectionEnabled=false, nativeEvents=true, acceptSslCerts=true, locationContextEnabled=true, webStorageEnabled=true, browserName=chrome, takesScreenshot=true, javascriptEnabled=true, cssSelectorsEnabled=true}]
Session ID: 17ff695645f9b9cbc45623f7fae0d8cf
*** Element info: {Using=link text, value=SIGN IN}]]]>
    </line>
    <line>
      <![CDATA[Close browser error]]>
    </line>
    <line>
      <![CDATA[Webelement --> 'cashkaro.signInframe.emailTxt' was not found in the page.Error --> 'Session ID is null. Using WebDriver after calling quit()?
Build info: version: '3.0.1', revision: '1969d75', time: '2016-10-18 09:49:13 -0700'
System info: host: 'User-PC', ip: '192.168.1.3', os.name: 'Windows 7', os.arch: 'amd64', os.version: '6.1', java.version: '1.8.0_111'
Driver info: driver.version: RemoteWebDriver]]>
    </line>
    <line>
      <![CDATA[Text --> 'rjNOT@gmail.com' not entered in text field --> 'cashkaro.signInframe.emailTxt'.Error -null]]>
    </line>
    <line>
      <![CDATA[From listner - The test failed out [TestResult name=testTheLogin status=FAILURE method=testLogin.testTheLogin(java.lang.String, java.lang.String, java.lang.String)[pri:0, instance:com.cashkaro.testScripts.testLogin@5c18298f] output=Webelement --> 'cashkaro.signInframe.emailTxt' was not found in the page.Error --> 'Session ID is null. Using WebDriver after calling quit()?
Build info: version: '3.0.1', revision: '1969d75', time: '2016-10-18 09:49:13 -0700'
System info: host: 'User-PC', ip: '192.168.1.3', os.name: 'Windows 7', os.arch: 'amd64', os.version: '6.1', java.version: '1.8.0_111'
Driver info: driver.version: RemoteWebDriver]]]>
    </line>
    <line>
      <![CDATA[From listner - The test failed out [TestResult name=testTheLogin status=FAILURE method=testLogin.testTheLogin(java.lang.String, java.lang.String, java.lang.String)[pri:0, instance:com.cashkaro.testScripts.testLogin@5c18298f] output=Webelement --> 'cashkaro.signInframe.emailTxt' was not found in the page.Error --> 'Session ID is null. Using WebDriver after calling quit()?
Build info: version: '3.0.1', revision: '1969d75', time: '2016-10-18 09:49:13 -0700'
System info: host: 'User-PC', ip: '192.168.1.3', os.name: 'Windows 7', os.arch: 'amd64', os.version: '6.1', java.version: '1.8.0_111'
Driver info: driver.version: RemoteWebDriver]]]>
    </line>
    <line>
      <![CDATA[Webelement --> 'cashkaro.signInframe.emailTxt' was not found in the page.Error --> 'Session ID is null. Using WebDriver after calling quit()?
Build info: version: '3.0.1', revision: '1969d75', time: '2016-10-18 09:49:13 -0700'
System info: host: 'User-PC', ip: '192.168.1.3', os.name: 'Windows 7', os.arch: 'amd64', os.version: '6.1', java.version: '1.8.0_111'
Driver info: driver.version: RemoteWebDriver]]>
    </line>
    <line>
      <![CDATA[Text --> 'rijujohn' not entered in text field --> 'cashkaro.signInframe.emailTxt'.Error -null]]>
    </line>
    <line>
      <![CDATA[From listner - The test failed out [TestResult name=testTheLogin status=FAILURE method=testLogin.testTheLogin(java.lang.String, java.lang.String, java.lang.String)[pri:0, instance:com.cashkaro.testScripts.testLogin@5c18298f] output=Webelement --> 'cashkaro.signInframe.emailTxt' was not found in the page.Error --> 'Session ID is null. Using WebDriver after calling quit()?
Build info: version: '3.0.1', revision: '1969d75', time: '2016-10-18 09:49:13 -0700'
System info: host: 'User-PC', ip: '192.168.1.3', os.name: 'Windows 7', os.arch: 'amd64', os.version: '6.1', java.version: '1.8.0_111'
Driver info: driver.version: RemoteWebDriver]]]>
    </line>
    <line>
      <![CDATA[From listner - The test failed out [TestResult name=testTheLogin status=FAILURE method=testLogin.testTheLogin(java.lang.String, java.lang.String, java.lang.String)[pri:0, instance:com.cashkaro.testScripts.testLogin@5c18298f] output=Webelement --> 'cashkaro.signInframe.emailTxt' was not found in the page.Error --> 'Session ID is null. Using WebDriver after calling quit()?
Build info: version: '3.0.1', revision: '1969d75', time: '2016-10-18 09:49:13 -0700'
System info: host: 'User-PC', ip: '192.168.1.3', os.name: 'Windows 7', os.arch: 'amd64', os.version: '6.1', java.version: '1.8.0_111'
Driver info: driver.version: RemoteWebDriver]]]>
    </line>
    <line>
      <![CDATA[From listner - The test failed out [TestResult name=closeSignINFrame status=FAILURE method=testLogin.closeSignINFrame()[pri:0, instance:com.cashkaro.testScripts.testLogin@5c18298f] output={null}]]]>
    </line>
    <line>
      <![CDATA[From listner - The test failed out [TestResult name=closeSignINFrame status=FAILURE method=testLogin.closeSignINFrame()[pri:0, instance:com.cashkaro.testScripts.testLogin@5c18298f] output=From listner - The test failed out [TestResult name=closeSignINFrame status=FAILURE method=testLogin.closeSignINFrame()[pri:0, instance:com.cashkaro.testScripts.testLogin@5c18298f] output={null}]]]]>
    </line>
    <line>
      <![CDATA[From listner - Ending the test org.testng.TestRunner@1608bcbd]]>
    </line>
    <line>
      <![CDATA[From listner - Starting the test org.testng.TestRunner@77192705]]>
    </line>
    <line>
      <![CDATA[Webelement --> 'cashkaro.homePage.joinFreeButton' was not found in the page.Error --> 'chrome not reachable
  (Session info: chrome=55.0.2883.87)
  (Driver info: chromedriver=2.25.426923 (0390b88869384d6eb0d5d09729679f934aab9eed),platform=Windows NT 6.1.7600 x86_64) (WARNING: The server did not provide any stacktrace information)
Command duration or timeout: 4.06 seconds
Build info: version: '3.0.1', revision: '1969d75', time: '2016-10-18 09:49:13 -0700'
System info: host: 'User-PC', ip: '192.168.1.3', os.name: 'Windows 7', os.arch: 'amd64', os.version: '6.1', java.version: '1.8.0_111'
Driver info: org.openqa.selenium.chrome.ChromeDriver
Capabilities [{applicationCacheEnabled=false, rotatable=false, mobileEmulationEnabled=false, networkConnectionEnabled=false, chrome={chromedriverVersion=2.25.426923 (0390b88869384d6eb0d5d09729679f934aab9eed), userDataDir=C:\Users\User\AppData\Local\Temp\scoped_dir148_10796}, takesHeapSnapshot=true, pageLoadStrategy=normal, databaseEnabled=false, handlesAlerts=true, hasTouchScreen=false, version=55.0.2883.87, platform=XP, browserConnectionEnabled=false, nativeEvents=true, acceptSslCerts=true, locationContextEnabled=true, webStorageEnabled=true, browserName=chrome, takesScreenshot=true, javascriptEnabled=true, cssSelectorsEnabled=true}]
Session ID: 6d1d75b2caa2e6b62bef59b244e95b3e
*** Element info: {Using=link text, value=JOIN FREE}]]>
    </line>
    <line>
      <![CDATA[From listner - The test failed out [TestResult name=openJoinFreePage status=FAILURE method=testJoinWithFaceBook.openJoinFreePage()[pri:0, instance:com.cashkaro.testScripts.testJoinWithFaceBook@7a36aefa] output=Webelement --> 'cashkaro.homePage.joinFreeButton' was not found in the page.Error --> 'chrome not reachable
  (Session info: chrome=55.0.2883.87)
  (Driver info: chromedriver=2.25.426923 (0390b88869384d6eb0d5d09729679f934aab9eed),platform=Windows NT 6.1.7600 x86_64) (WARNING: The server did not provide any stacktrace information)
Command duration or timeout: 4.06 seconds
Build info: version: '3.0.1', revision: '1969d75', time: '2016-10-18 09:49:13 -0700'
System info: host: 'User-PC', ip: '192.168.1.3', os.name: 'Windows 7', os.arch: 'amd64', os.version: '6.1', java.version: '1.8.0_111'
Driver info: org.openqa.selenium.chrome.ChromeDriver
Capabilities [{applicationCacheEnabled=false, rotatable=false, mobileEmulationEnabled=false, networkConnectionEnabled=false, chrome={chromedriverVersion=2.25.426923 (0390b88869384d6eb0d5d09729679f934aab9eed), userDataDir=C:\Users\User\AppData\Local\Temp\scoped_dir148_10796}, takesHeapSnapshot=true, pageLoadStrategy=normal, databaseEnabled=false, handlesAlerts=true, hasTouchScreen=false, version=55.0.2883.87, platform=XP, browserConnectionEnabled=false, nativeEvents=true, acceptSslCerts=true, locationContextEnabled=true, webStorageEnabled=true, browserName=chrome, takesScreenshot=true, javascriptEnabled=true, cssSelectorsEnabled=true}]
Session ID: 6d1d75b2caa2e6b62bef59b244e95b3e
*** Element info: {Using=link text, value=JOIN FREE}]]]>
    </line>
    <line>
      <![CDATA[From listner - The test failed out [TestResult name=openJoinFreePage status=FAILURE method=testJoinWithFaceBook.openJoinFreePage()[pri:0, instance:com.cashkaro.testScripts.testJoinWithFaceBook@7a36aefa] output=Webelement --> 'cashkaro.homePage.joinFreeButton' was not found in the page.Error --> 'chrome not reachable
  (Session info: chrome=55.0.2883.87)
  (Driver info: chromedriver=2.25.426923 (0390b88869384d6eb0d5d09729679f934aab9eed),platform=Windows NT 6.1.7600 x86_64) (WARNING: The server did not provide any stacktrace information)
Command duration or timeout: 4.06 seconds
Build info: version: '3.0.1', revision: '1969d75', time: '2016-10-18 09:49:13 -0700'
System info: host: 'User-PC', ip: '192.168.1.3', os.name: 'Windows 7', os.arch: 'amd64', os.version: '6.1', java.version: '1.8.0_111'
Driver info: org.openqa.selenium.chrome.ChromeDriver
Capabilities [{applicationCacheEnabled=false, rotatable=false, mobileEmulationEnabled=false, networkConnectionEnabled=false, chrome={chromedriverVersion=2.25.426923 (0390b88869384d6eb0d5d09729679f934aab9eed), userDataDir=C:\Users\User\AppData\Local\Temp\scoped_dir148_10796}, takesHeapSnapshot=true, pageLoadStrategy=normal, databaseEnabled=false, handlesAlerts=true, hasTouchScreen=false, version=55.0.2883.87, platform=XP, browserConnectionEnabled=false, nativeEvents=true, acceptSslCerts=true, locationContextEnabled=true, webStorageEnabled=true, browserName=chrome, takesScreenshot=true, javascriptEnabled=true, cssSelectorsEnabled=true}]
Session ID: 6d1d75b2caa2e6b62bef59b244e95b3e
*** Element info: {Using=link text, value=JOIN FREE}]]]>
    </line>
    <line>
      <![CDATA[From listner - The test failed out [TestResult name=openJoinFB status=SKIP method=testJoinWithFaceBook.openJoinFB()[pri:0, instance:com.cashkaro.testScripts.testJoinWithFaceBook@7a36aefa] output={null}]]]>
    </line>
    <line>
      <![CDATA[From listner - The test failed out [TestResult name=validateFBLinks status=SKIP method=testJoinWithFaceBook.validateFBLinks()[pri:0, instance:com.cashkaro.testScripts.testJoinWithFaceBook@7a36aefa] output={null}]]]>
    </line>
    <line>
      <![CDATA[From listner - The test failed out [TestResult name=tearDown status=SKIP method=testJoinWithFaceBook.tearDown()[pri:0, instance:com.cashkaro.testScripts.testJoinWithFaceBook@7a36aefa] output={null}]]]>
    </line>
    <line>
      <![CDATA[From listner - Ending the test org.testng.TestRunner@77192705]]>
    </line>
    <line>
      <![CDATA[From listner - Starting the test org.testng.TestRunner@611df6e3]]>
    </line>
    <line>
      <![CDATA[Webelement --> 'cashkaro.homePage.joinFreeButton' was found in the page.]]>
    </line>
    <line>
      <![CDATA[Webelement --> 'cashkaro.homePage.joinFreeButton' was found in the page.]]>
    </line>
    <line>
      <![CDATA[Clicked on Webelement --> 'cashkaro.homePage.joinFreeButton']]>
    </line>
    <line>
      <![CDATA[Close browser error]]>
    </line>
    <line>
      <![CDATA[Webelement --> 'cashkaro.joinNowPage.joinFreeFullNameTxt' was not found in the page.Error --> 'Session ID is null. Using WebDriver after calling quit()?
Build info: version: '3.0.1', revision: '1969d75', time: '2016-10-18 09:49:13 -0700'
System info: host: 'User-PC', ip: '192.168.1.3', os.name: 'Windows 7', os.arch: 'amd64', os.version: '6.1', java.version: '1.8.0_111'
Driver info: driver.version: RemoteWebDriver]]>
    </line>
    <line>
      <![CDATA[Text --> 'Existing John' not entered in text field --> 'cashkaro.joinNowPage.joinFreeFullNameTxt'.Error -null]]>
    </line>
    <line>
      <![CDATA[From listner - The test failed out [TestResult name=testTheLogin status=FAILURE method=testJoinFree.testTheLogin(java.lang.String, java.lang.String, java.lang.String)[pri:0, instance:com.cashkaro.testScripts.testJoinFree@5123a213] output=Webelement --> 'cashkaro.joinNowPage.joinFreeFullNameTxt' was not found in the page.Error --> 'Session ID is null. Using WebDriver after calling quit()?
Build info: version: '3.0.1', revision: '1969d75', time: '2016-10-18 09:49:13 -0700'
System info: host: 'User-PC', ip: '192.168.1.3', os.name: 'Windows 7', os.arch: 'amd64', os.version: '6.1', java.version: '1.8.0_111'
Driver info: driver.version: RemoteWebDriver]]]>
    </line>
    <line>
      <![CDATA[From listner - The test failed out [TestResult name=testTheLogin status=FAILURE method=testJoinFree.testTheLogin(java.lang.String, java.lang.String, java.lang.String)[pri:0, instance:com.cashkaro.testScripts.testJoinFree@5123a213] output=Webelement --> 'cashkaro.joinNowPage.joinFreeFullNameTxt' was not found in the page.Error --> 'Session ID is null. Using WebDriver after calling quit()?
Build info: version: '3.0.1', revision: '1969d75', time: '2016-10-18 09:49:13 -0700'
System info: host: 'User-PC', ip: '192.168.1.3', os.name: 'Windows 7', os.arch: 'amd64', os.version: '6.1', java.version: '1.8.0_111'
Driver info: driver.version: RemoteWebDriver]]]>
    </line>
    <line>
      <![CDATA[Webelement --> 'cashkaro.joinNowPage.joinFreeFullNameTxt' was not found in the page.Error --> 'Session ID is null. Using WebDriver after calling quit()?
Build info: version: '3.0.1', revision: '1969d75', time: '2016-10-18 09:49:13 -0700'
System info: host: 'User-PC', ip: '192.168.1.3', os.name: 'Windows 7', os.arch: 'amd64', os.version: '6.1', java.version: '1.8.0_111'
Driver info: driver.version: RemoteWebDriver]]>
    </line>
    <line>
      <![CDATA[Text --> 'Li Ma' not entered in text field --> 'cashkaro.joinNowPage.joinFreeFullNameTxt'.Error -null]]>
    </line>
    <line>
      <![CDATA[From listner - The test failed out [TestResult name=testTheLogin status=FAILURE method=testJoinFree.testTheLogin(java.lang.String, java.lang.String, java.lang.String)[pri:0, instance:com.cashkaro.testScripts.testJoinFree@5123a213] output=Webelement --> 'cashkaro.joinNowPage.joinFreeFullNameTxt' was not found in the page.Error --> 'Session ID is null. Using WebDriver after calling quit()?
Build info: version: '3.0.1', revision: '1969d75', time: '2016-10-18 09:49:13 -0700'
System info: host: 'User-PC', ip: '192.168.1.3', os.name: 'Windows 7', os.arch: 'amd64', os.version: '6.1', java.version: '1.8.0_111'
Driver info: driver.version: RemoteWebDriver]]]>
    </line>
    <line>
      <![CDATA[From listner - The test failed out [TestResult name=testTheLogin status=FAILURE method=testJoinFree.testTheLogin(java.lang.String, java.lang.String, java.lang.String)[pri:0, instance:com.cashkaro.testScripts.testJoinFree@5123a213] output=Webelement --> 'cashkaro.joinNowPage.joinFreeFullNameTxt' was not found in the page.Error --> 'Session ID is null. Using WebDriver after calling quit()?
Build info: version: '3.0.1', revision: '1969d75', time: '2016-10-18 09:49:13 -0700'
System info: host: 'User-PC', ip: '192.168.1.3', os.name: 'Windows 7', os.arch: 'amd64', os.version: '6.1', java.version: '1.8.0_111'
Driver info: driver.version: RemoteWebDriver]]]>
    </line>
    <line>
      <![CDATA[Webelement --> 'cashkaro.joinNowPage.joinFreeFullNameTxt' was not found in the page.Error --> 'Session ID is null. Using WebDriver after calling quit()?
Build info: version: '3.0.1', revision: '1969d75', time: '2016-10-18 09:49:13 -0700'
System info: host: 'User-PC', ip: '192.168.1.3', os.name: 'Windows 7', os.arch: 'amd64', os.version: '6.1', java.version: '1.8.0_111'
Driver info: driver.version: RemoteWebDriver]]>
    </line>
    <line>
      <![CDATA[Text --> 'Rin John' not entered in text field --> 'cashkaro.joinNowPage.joinFreeFullNameTxt'.Error -null]]>
    </line>
    <line>
      <![CDATA[From listner - The test failed out [TestResult name=testTheLogin status=FAILURE method=testJoinFree.testTheLogin(java.lang.String, java.lang.String, java.lang.String)[pri:0, instance:com.cashkaro.testScripts.testJoinFree@5123a213] output=Webelement --> 'cashkaro.joinNowPage.joinFreeFullNameTxt' was not found in the page.Error --> 'Session ID is null. Using WebDriver after calling quit()?
Build info: version: '3.0.1', revision: '1969d75', time: '2016-10-18 09:49:13 -0700'
System info: host: 'User-PC', ip: '192.168.1.3', os.name: 'Windows 7', os.arch: 'amd64', os.version: '6.1', java.version: '1.8.0_111'
Driver info: driver.version: RemoteWebDriver]]]>
    </line>
    <line>
      <![CDATA[From listner - The test failed out [TestResult name=testTheLogin status=FAILURE method=testJoinFree.testTheLogin(java.lang.String, java.lang.String, java.lang.String)[pri:0, instance:com.cashkaro.testScripts.testJoinFree@5123a213] output=Webelement --> 'cashkaro.joinNowPage.joinFreeFullNameTxt' was not found in the page.Error --> 'Session ID is null. Using WebDriver after calling quit()?
Build info: version: '3.0.1', revision: '1969d75', time: '2016-10-18 09:49:13 -0700'
System info: host: 'User-PC', ip: '192.168.1.3', os.name: 'Windows 7', os.arch: 'amd64', os.version: '6.1', java.version: '1.8.0_111'
Driver info: driver.version: RemoteWebDriver]]]>
    </line>
    <line>
      <![CDATA[Webelement --> 'cashkaro.joinNowPage.joinFreeFullNameTxt' was not found in the page.Error --> 'Session ID is null. Using WebDriver after calling quit()?
Build info: version: '3.0.1', revision: '1969d75', time: '2016-10-18 09:49:13 -0700'
System info: host: 'User-PC', ip: '192.168.1.3', os.name: 'Windows 7', os.arch: 'amd64', os.version: '6.1', java.version: '1.8.0_111'
Driver info: driver.version: RemoteWebDriver]]>
    </line>
    <line>
      <![CDATA[Text --> 'Rem John' not entered in text field --> 'cashkaro.joinNowPage.joinFreeFullNameTxt'.Error -null]]>
    </line>
    <line>
      <![CDATA[From listner - The test failed out [TestResult name=testTheLogin status=FAILURE method=testJoinFree.testTheLogin(java.lang.String, java.lang.String, java.lang.String)[pri:0, instance:com.cashkaro.testScripts.testJoinFree@5123a213] output=Webelement --> 'cashkaro.joinNowPage.joinFreeFullNameTxt' was not found in the page.Error --> 'Session ID is null. Using WebDriver after calling quit()?
Build info: version: '3.0.1', revision: '1969d75', time: '2016-10-18 09:49:13 -0700'
System info: host: 'User-PC', ip: '192.168.1.3', os.name: 'Windows 7', os.arch: 'amd64', os.version: '6.1', java.version: '1.8.0_111'
Driver info: driver.version: RemoteWebDriver]]]>
    </line>
    <line>
      <![CDATA[From listner - The test failed out [TestResult name=testTheLogin status=FAILURE method=testJoinFree.testTheLogin(java.lang.String, java.lang.String, java.lang.String)[pri:0, instance:com.cashkaro.testScripts.testJoinFree@5123a213] output=Webelement --> 'cashkaro.joinNowPage.joinFreeFullNameTxt' was not found in the page.Error --> 'Session ID is null. Using WebDriver after calling quit()?
Build info: version: '3.0.1', revision: '1969d75', time: '2016-10-18 09:49:13 -0700'
System info: host: 'User-PC', ip: '192.168.1.3', os.name: 'Windows 7', os.arch: 'amd64', os.version: '6.1', java.version: '1.8.0_111'
Driver info: driver.version: RemoteWebDriver]]]>
    </line>
    <line>
      <![CDATA[Webelement --> 'cashkaro.joinNowPage.joinFreeFullNameTxt' was not found in the page.Error --> 'Session ID is null. Using WebDriver after calling quit()?
Build info: version: '3.0.1', revision: '1969d75', time: '2016-10-18 09:49:13 -0700'
System info: host: 'User-PC', ip: '192.168.1.3', os.name: 'Windows 7', os.arch: 'amd64', os.version: '6.1', java.version: '1.8.0_111'
Driver info: driver.version: RemoteWebDriver]]>
    </line>
    <line>
      <![CDATA[Text --> 'VALID Rem ' not entered in text field --> 'cashkaro.joinNowPage.joinFreeFullNameTxt'.Error -null]]>
    </line>
    <line>
      <![CDATA[From listner - The test failed out [TestResult name=testTheLogin status=FAILURE method=testJoinFree.testTheLogin(java.lang.String, java.lang.String, java.lang.String)[pri:0, instance:com.cashkaro.testScripts.testJoinFree@5123a213] output=Webelement --> 'cashkaro.joinNowPage.joinFreeFullNameTxt' was not found in the page.Error --> 'Session ID is null. Using WebDriver after calling quit()?
Build info: version: '3.0.1', revision: '1969d75', time: '2016-10-18 09:49:13 -0700'
System info: host: 'User-PC', ip: '192.168.1.3', os.name: 'Windows 7', os.arch: 'amd64', os.version: '6.1', java.version: '1.8.0_111'
Driver info: driver.version: RemoteWebDriver]]]>
    </line>
    <line>
      <![CDATA[From listner - The test failed out [TestResult name=testTheLogin status=FAILURE method=testJoinFree.testTheLogin(java.lang.String, java.lang.String, java.lang.String)[pri:0, instance:com.cashkaro.testScripts.testJoinFree@5123a213] output=Webelement --> 'cashkaro.joinNowPage.joinFreeFullNameTxt' was not found in the page.Error --> 'Session ID is null. Using WebDriver after calling quit()?
Build info: version: '3.0.1', revision: '1969d75', time: '2016-10-18 09:49:13 -0700'
System info: host: 'User-PC', ip: '192.168.1.3', os.name: 'Windows 7', os.arch: 'amd64', os.version: '6.1', java.version: '1.8.0_111'
Driver info: driver.version: RemoteWebDriver]]]>
    </line>
    <line>
      <![CDATA[From listner - Ending the test org.testng.TestRunner@611df6e3]]>
    </line>
  </reporter-output>
  <suite name="cashKaroTests" duration-ms="164788" started-at="2017-02-04T08:42:01Z" finished-at="2017-02-04T08:44:46Z">
    <groups>
    </groups>
    <test name="Forgot Password Tests" duration-ms="54025" started-at="2017-02-04T08:42:01Z" finished-at="2017-02-04T08:42:55Z">
      <class name="com.cashkaro.testScripts.testforgotPassWord">
        <test-method status="PASS" signature="openHomePage()[pri:0, instance:com.cashkaro.testScripts.testforgotPassWord@4524411f]" name="openHomePage" duration-ms="40131" started-at="2017-02-04T14:12:01Z" finished-at="2017-02-04T14:12:41Z">
          <reporter-output>
          </reporter-output>
        </test-method> <!-- openHomePage -->
        <test-method status="PASS" signature="tearPwdDown()[pri:0, instance:com.cashkaro.testScripts.testforgotPassWord@4524411f]" name="tearPwdDown" duration-ms="13404" started-at="2017-02-04T14:12:41Z" finished-at="2017-02-04T14:12:55Z">
          <reporter-output>
            <line>
              <![CDATA[Close browser error]]>
            </line>
          </reporter-output>
        </test-method> <!-- tearPwdDown -->
        <test-method status="FAIL" signature="openForgotPasswordFrame()[pri:0, instance:com.cashkaro.testScripts.testforgotPassWord@4524411f]" name="openForgotPasswordFrame" duration-ms="206" started-at="2017-02-04T14:12:55Z" depends-on-methods="com.cashkaro.testScripts.testforgotPassWord.openHomePage" finished-at="2017-02-04T14:12:55Z">
          <exception class="java.lang.NullPointerException">
            <full-stacktrace>
              <![CDATA[java.lang.NullPointerException
	at org.openqa.selenium.support.ui.ExpectedConditions.elementIfVisible(ExpectedConditions.java:302)
	at org.openqa.selenium.support.ui.ExpectedConditions.access$100(ExpectedConditions.java:41)
	at org.openqa.selenium.support.ui.ExpectedConditions$10.apply(ExpectedConditions.java:288)
	at org.openqa.selenium.support.ui.ExpectedConditions$10.apply(ExpectedConditions.java:285)
	at org.openqa.selenium.support.ui.ExpectedConditions$23.apply(ExpectedConditions.java:684)
	at org.openqa.selenium.support.ui.ExpectedConditions$23.apply(ExpectedConditions.java:677)
	at org.openqa.selenium.support.ui.FluentWait.until(FluentWait.java:238)
	at com.cashkaro.testutil.Utils.elemWait(Utils.java:119)
	at com.cashkaro.pageLibrary.homePage.homePage.clickSignINButton(homePage.java:13)
	at com.cashkaro.testScripts.testforgotPassWord.openForgotPasswordFrame(testforgotPassWord.java:36)
	at sun.reflect.NativeMethodAccessorImpl.invoke0(Native Method)
	at sun.reflect.NativeMethodAccessorImpl.invoke(NativeMethodAccessorImpl.java:62)
	at sun.reflect.DelegatingMethodAccessorImpl.invoke(DelegatingMethodAccessorImpl.java:43)
	at java.lang.reflect.Method.invoke(Method.java:498)
	at org.testng.internal.MethodInvocationHelper.invokeMethod(MethodInvocationHelper.java:80)
	at org.testng.internal.Invoker.invokeMethod(Invoker.java:714)
	at org.testng.internal.Invoker.invokeTestMethod(Invoker.java:901)
	at org.testng.internal.Invoker.invokeTestMethods(Invoker.java:1231)
	at org.testng.internal.TestMethodWorker.invokeTestMethods(TestMethodWorker.java:127)
	at org.testng.internal.TestMethodWorker.run(TestMethodWorker.java:111)
	at org.testng.TestRunner.privateRun(TestRunner.java:767)
	at org.testng.TestRunner.run(TestRunner.java:617)
	at org.testng.SuiteRunner.runTest(SuiteRunner.java:334)
	at org.testng.SuiteRunner.runSequentially(SuiteRunner.java:329)
	at org.testng.SuiteRunner.privateRun(SuiteRunner.java:291)
	at org.testng.SuiteRunner.run(SuiteRunner.java:240)
	at org.testng.SuiteRunnerWorker.runSuite(SuiteRunnerWorker.java:52)
	at org.testng.SuiteRunnerWorker.run(SuiteRunnerWorker.java:86)
	at org.testng.TestNG.runSuitesSequentially(TestNG.java:1198)
	at org.testng.TestNG.runSuitesLocally(TestNG.java:1123)
	at org.testng.TestNG.run(TestNG.java:1031)
	at org.apache.maven.surefire.testng.TestNGExecutor.run(TestNGExecutor.java:293)
	at org.apache.maven.surefire.testng.TestNGXmlTestSuite.execute(TestNGXmlTestSuite.java:84)
	at org.apache.maven.surefire.testng.TestNGProvider.invoke(TestNGProvider.java:91)
	at org.apache.maven.surefire.booter.ForkedBooter.invokeProviderInSameClassLoader(ForkedBooter.java:200)
	at org.apache.maven.surefire.booter.ForkedBooter.runSuitesInProcess(ForkedBooter.java:153)
	at org.apache.maven.surefire.booter.ForkedBooter.main(ForkedBooter.java:103)
]]>
            </full-stacktrace>
          </exception> <!-- java.lang.NullPointerException -->
          <reporter-output>
            <line>
              <![CDATA[Webelement --> 'cashkaro.homePage.signInLink' was not found in the page.Error --> 'Session ID is null. Using WebDriver after calling quit()?
Build info: version: '3.0.1', revision: '1969d75', time: '2016-10-18 09:49:13 -0700'
System info: host: 'User-PC', ip: '192.168.1.3', os.name: 'Windows 7', os.arch: 'amd64', os.version: '6.1', java.version: '1.8.0_111'
Driver info: driver.version: RemoteWebDriver]]>
            </line>
            <line>
              <![CDATA[From listner - The test failed out [TestResult name=openForgotPasswordFrame status=FAILURE method=testforgotPassWord.openForgotPasswordFrame()[pri:0, instance:com.cashkaro.testScripts.testforgotPassWord@4524411f] output=Webelement --> 'cashkaro.homePage.signInLink' was not found in the page.Error --> 'Session ID is null. Using WebDriver after calling quit()?
Build info: version: '3.0.1', revision: '1969d75', time: '2016-10-18 09:49:13 -0700'
System info: host: 'User-PC', ip: '192.168.1.3', os.name: 'Windows 7', os.arch: 'amd64', os.version: '6.1', java.version: '1.8.0_111'
Driver info: driver.version: RemoteWebDriver]]]>
            </line>
            <line>
              <![CDATA[From listner - The test failed out [TestResult name=openForgotPasswordFrame status=FAILURE method=testforgotPassWord.openForgotPasswordFrame()[pri:0, instance:com.cashkaro.testScripts.testforgotPassWord@4524411f] output=Webelement --> 'cashkaro.homePage.signInLink' was not found in the page.Error --> 'Session ID is null. Using WebDriver after calling quit()?
Build info: version: '3.0.1', revision: '1969d75', time: '2016-10-18 09:49:13 -0700'
System info: host: 'User-PC', ip: '192.168.1.3', os.name: 'Windows 7', os.arch: 'amd64', os.version: '6.1', java.version: '1.8.0_111'
Driver info: driver.version: RemoteWebDriver]]]>
            </line>
          </reporter-output>
        </test-method> <!-- openForgotPasswordFrame -->
        <test-method status="SKIP" signature="testforgotPasswordFrame(java.lang.String, java.lang.String)[pri:0, instance:com.cashkaro.testScripts.testforgotPassWord@4524411f]" name="testforgotPasswordFrame" duration-ms="0" started-at="2017-02-04T14:12:55Z" data-provider="passwordTestData" depends-on-methods="com.cashkaro.testScripts.testforgotPassWord.openForgotPasswordFrame" finished-at="2017-02-04T14:12:55Z">
          <reporter-output>
          </reporter-output>
        </test-method> <!-- testforgotPasswordFrame -->
        <test-method status="SKIP" signature="closeforgotPasswordFrame()[pri:0, instance:com.cashkaro.testScripts.testforgotPassWord@4524411f]" name="closeforgotPasswordFrame" duration-ms="0" started-at="2017-02-04T14:12:55Z" depends-on-methods="com.cashkaro.testScripts.testforgotPassWord.openForgotPasswordFrame" finished-at="2017-02-04T14:12:55Z">
          <reporter-output>
          </reporter-output>
        </test-method> <!-- closeforgotPasswordFrame -->
      </class> <!-- com.cashkaro.testScripts.testforgotPassWord -->
    </test> <!-- Forgot Password Tests -->
    <test name="Login Test" duration-ms="43759" started-at="2017-02-04T08:42:55Z" finished-at="2017-02-04T08:43:39Z">
      <class name="com.cashkaro.testScripts.testLogin">
        <test-method status="PASS" signature="openHomePage()[pri:0, instance:com.cashkaro.testScripts.testLogin@5c18298f]" name="openHomePage" duration-ms="25289" started-at="2017-02-04T14:12:55Z" finished-at="2017-02-04T14:13:21Z">
          <reporter-output>
          </reporter-output>
        </test-method> <!-- openHomePage -->
        <test-method status="PASS" signature="openSignInPage()[pri:0, instance:com.cashkaro.testScripts.testLogin@5c18298f]" name="openSignInPage" duration-ms="15162" started-at="2017-02-04T14:13:21Z" depends-on-methods="com.cashkaro.testScripts.testLogin.openHomePage" finished-at="2017-02-04T14:13:36Z">
          <reporter-output>
            <line>
              <![CDATA[Webelement --> 'cashkaro.homePage.signInLink' was found in the page.]]>
            </line>
            <line>
              <![CDATA[Webelement --> 'cashkaro.homePage.signInLink' was found in the page.]]>
            </line>
            <line>
              <![CDATA[Clicked on Webelement --> 'cashkaro.homePage.signInLink']]>
            </line>
            <line>
              <![CDATA[Webelement --> 'cashkaro.signInframe' was found in the page.]]>
            </line>
            <line>
              <![CDATA[Control switched to frame --> '[[ChromeDriver: chrome on XP (17ff695645f9b9cbc45623f7fae0d8cf)] -> class name: cboxIframe]']]>
            </line>
            <line>
              <![CDATA[Webelement --> 'cashkaro.signInPage.forgotPwdink' was found in the page.]]>
            </line>
          </reporter-output>
        </test-method> <!-- openSignInPage -->
        <test-method status="PASS" signature="validSignINFrame(java.lang.String, java.lang.String, java.lang.String)[pri:0, instance:com.cashkaro.testScripts.testLogin@5c18298f]" name="validSignINFrame" duration-ms="1" started-at="2017-02-04T14:13:37Z" data-provider="loginTestData" depends-on-methods="com.cashkaro.testScripts.testLogin.openHomePage" finished-at="2017-02-04T14:13:37Z">
          <params>
            <param index="0">
              <value>
                <![CDATA[rjNOT@gmail.com]]>
              </value>
            </param>
            <param index="1">
              <value>
                <![CDATA[dfdsf]]>
              </value>
            </param>
            <param index="2">
              <value>
                <![CDATA[Please enter valid password.]]>
              </value>
            </param>
          </params>
          <reporter-output>
          </reporter-output>
        </test-method> <!-- validSignINFrame -->
        <test-method status="FAIL" signature="validSignINFrame(java.lang.String, java.lang.String, java.lang.String)[pri:0, instance:com.cashkaro.testScripts.testLogin@5c18298f]" name="validSignINFrame" duration-ms="128" started-at="2017-02-04T14:13:37Z" data-provider="loginTestData" depends-on-methods="com.cashkaro.testScripts.testLogin.openHomePage" finished-at="2017-02-04T14:13:37Z">
          <params>
            <param index="0">
              <value>
                <![CDATA[VALIDron@gmail.com]]>
              </value>
            </param>
            <param index="1">
              <value>
                <![CDATA[blueberry]]>
              </value>
            </param>
            <param index="2">
              <value>
                <![CDATA[Hello Ron,]]>
              </value>
            </param>
          </params>
          <exception class="java.lang.NullPointerException">
            <full-stacktrace>
              <![CDATA[java.lang.NullPointerException
	at org.openqa.selenium.support.ui.ExpectedConditions.elementIfVisible(ExpectedConditions.java:302)
	at org.openqa.selenium.support.ui.ExpectedConditions.access$100(ExpectedConditions.java:41)
	at org.openqa.selenium.support.ui.ExpectedConditions$10.apply(ExpectedConditions.java:288)
	at org.openqa.selenium.support.ui.ExpectedConditions$10.apply(ExpectedConditions.java:285)
	at org.openqa.selenium.support.ui.ExpectedConditions$23.apply(ExpectedConditions.java:684)
	at org.openqa.selenium.support.ui.ExpectedConditions$23.apply(ExpectedConditions.java:677)
	at org.openqa.selenium.support.ui.FluentWait.until(FluentWait.java:238)
	at com.cashkaro.testutil.Utils.elemWait(Utils.java:119)
	at com.cashkaro.pageLibrary.homePage.homePage.clickSignINButton(homePage.java:13)
	at com.cashkaro.testScripts.testLogin.validSignINFrame(testLogin.java:67)
	at sun.reflect.NativeMethodAccessorImpl.invoke0(Native Method)
	at sun.reflect.NativeMethodAccessorImpl.invoke(NativeMethodAccessorImpl.java:62)
	at sun.reflect.DelegatingMethodAccessorImpl.invoke(DelegatingMethodAccessorImpl.java:43)
	at java.lang.reflect.Method.invoke(Method.java:498)
	at org.testng.internal.MethodInvocationHelper.invokeMethod(MethodInvocationHelper.java:80)
	at org.testng.internal.Invoker.invokeMethod(Invoker.java:714)
	at org.testng.internal.Invoker.invokeTestMethod(Invoker.java:901)
	at org.testng.internal.Invoker.invokeTestMethods(Invoker.java:1231)
	at org.testng.internal.TestMethodWorker.invokeTestMethods(TestMethodWorker.java:127)
	at org.testng.internal.TestMethodWorker.run(TestMethodWorker.java:111)
	at org.testng.TestRunner.privateRun(TestRunner.java:767)
	at org.testng.TestRunner.run(TestRunner.java:617)
	at org.testng.SuiteRunner.runTest(SuiteRunner.java:334)
	at org.testng.SuiteRunner.runSequentially(SuiteRunner.java:329)
	at org.testng.SuiteRunner.privateRun(SuiteRunner.java:291)
	at org.testng.SuiteRunner.run(SuiteRunner.java:240)
	at org.testng.SuiteRunnerWorker.runSuite(SuiteRunnerWorker.java:52)
	at org.testng.SuiteRunnerWorker.run(SuiteRunnerWorker.java:86)
	at org.testng.TestNG.runSuitesSequentially(TestNG.java:1198)
	at org.testng.TestNG.runSuitesLocally(TestNG.java:1123)
	at org.testng.TestNG.run(TestNG.java:1031)
	at org.apache.maven.surefire.testng.TestNGExecutor.run(TestNGExecutor.java:293)
	at org.apache.maven.surefire.testng.TestNGXmlTestSuite.execute(TestNGXmlTestSuite.java:84)
	at org.apache.maven.surefire.testng.TestNGProvider.invoke(TestNGProvider.java:91)
	at org.apache.maven.surefire.booter.ForkedBooter.invokeProviderInSameClassLoader(ForkedBooter.java:200)
	at org.apache.maven.surefire.booter.ForkedBooter.runSuitesInProcess(ForkedBooter.java:153)
	at org.apache.maven.surefire.booter.ForkedBooter.main(ForkedBooter.java:103)
]]>
            </full-stacktrace>
          </exception> <!-- java.lang.NullPointerException -->
          <reporter-output>
            <line>
              <![CDATA[Webelement --> 'cashkaro.homePage.signInLink' was not found in the page.Error --> 'no such element: Unable to locate element: {"method":"link text","selector":"SIGN IN"}
  (Session info: chrome=55.0.2883.87)
  (Driver info: chromedriver=2.25.426923 (0390b88869384d6eb0d5d09729679f934aab9eed),platform=Windows NT 6.1.7600 x86_64) (WARNING: The server did not provide any stacktrace information)
Command duration or timeout: 122 milliseconds
For documentation on this error, please visit: http://seleniumhq.org/exceptions/no_such_element.html
Build info: version: '3.0.1', revision: '1969d75', time: '2016-10-18 09:49:13 -0700'
System info: host: 'User-PC', ip: '192.168.1.3', os.name: 'Windows 7', os.arch: 'amd64', os.version: '6.1', java.version: '1.8.0_111'
Driver info: org.openqa.selenium.chrome.ChromeDriver
Capabilities [{applicationCacheEnabled=false, rotatable=false, mobileEmulationEnabled=false, networkConnectionEnabled=false, chrome={chromedriverVersion=2.25.426923 (0390b88869384d6eb0d5d09729679f934aab9eed), userDataDir=C:\Users\User\AppData\Local\Temp\scoped_dir4768_31259}, takesHeapSnapshot=true, pageLoadStrategy=normal, databaseEnabled=false, handlesAlerts=true, hasTouchScreen=false, version=55.0.2883.87, platform=XP, browserConnectionEnabled=false, nativeEvents=true, acceptSslCerts=true, locationContextEnabled=true, webStorageEnabled=true, browserName=chrome, takesScreenshot=true, javascriptEnabled=true, cssSelectorsEnabled=true}]
Session ID: 17ff695645f9b9cbc45623f7fae0d8cf
*** Element info: {Using=link text, value=SIGN IN}]]>
            </line>
            <line>
              <![CDATA[From listner - The test failed out [TestResult name=validSignINFrame status=FAILURE method=testLogin.validSignINFrame(java.lang.String, java.lang.String, java.lang.String)[pri:0, instance:com.cashkaro.testScripts.testLogin@5c18298f] output=Webelement --> 'cashkaro.homePage.signInLink' was not found in the page.Error --> 'no such element: Unable to locate element: {"method":"link text","selector":"SIGN IN"}
  (Session info: chrome=55.0.2883.87)
  (Driver info: chromedriver=2.25.426923 (0390b88869384d6eb0d5d09729679f934aab9eed),platform=Windows NT 6.1.7600 x86_64) (WARNING: The server did not provide any stacktrace information)
Command duration or timeout: 122 milliseconds
For documentation on this error, please visit: http://seleniumhq.org/exceptions/no_such_element.html
Build info: version: '3.0.1', revision: '1969d75', time: '2016-10-18 09:49:13 -0700'
System info: host: 'User-PC', ip: '192.168.1.3', os.name: 'Windows 7', os.arch: 'amd64', os.version: '6.1', java.version: '1.8.0_111'
Driver info: org.openqa.selenium.chrome.ChromeDriver
Capabilities [{applicationCacheEnabled=false, rotatable=false, mobileEmulationEnabled=false, networkConnectionEnabled=false, chrome={chromedriverVersion=2.25.426923 (0390b88869384d6eb0d5d09729679f934aab9eed), userDataDir=C:\Users\User\AppData\Local\Temp\scoped_dir4768_31259}, takesHeapSnapshot=true, pageLoadStrategy=normal, databaseEnabled=false, handlesAlerts=true, hasTouchScreen=false, version=55.0.2883.87, platform=XP, browserConnectionEnabled=false, nativeEvents=true, acceptSslCerts=true, locationContextEnabled=true, webStorageEnabled=true, browserName=chrome, takesScreenshot=true, javascriptEnabled=true, cssSelectorsEnabled=true}]
Session ID: 17ff695645f9b9cbc45623f7fae0d8cf
*** Element info: {Using=link text, value=SIGN IN}]]]>
            </line>
            <line>
              <![CDATA[From listner - The test failed out [TestResult name=validSignINFrame status=FAILURE method=testLogin.validSignINFrame(java.lang.String, java.lang.String, java.lang.String)[pri:0, instance:com.cashkaro.testScripts.testLogin@5c18298f] output=Webelement --> 'cashkaro.homePage.signInLink' was not found in the page.Error --> 'no such element: Unable to locate element: {"method":"link text","selector":"SIGN IN"}
  (Session info: chrome=55.0.2883.87)
  (Driver info: chromedriver=2.25.426923 (0390b88869384d6eb0d5d09729679f934aab9eed),platform=Windows NT 6.1.7600 x86_64) (WARNING: The server did not provide any stacktrace information)
Command duration or timeout: 122 milliseconds
For documentation on this error, please visit: http://seleniumhq.org/exceptions/no_such_element.html
Build info: version: '3.0.1', revision: '1969d75', time: '2016-10-18 09:49:13 -0700'
System info: host: 'User-PC', ip: '192.168.1.3', os.name: 'Windows 7', os.arch: 'amd64', os.version: '6.1', java.version: '1.8.0_111'
Driver info: org.openqa.selenium.chrome.ChromeDriver
Capabilities [{applicationCacheEnabled=false, rotatable=false, mobileEmulationEnabled=false, networkConnectionEnabled=false, chrome={chromedriverVersion=2.25.426923 (0390b88869384d6eb0d5d09729679f934aab9eed), userDataDir=C:\Users\User\AppData\Local\Temp\scoped_dir4768_31259}, takesHeapSnapshot=true, pageLoadStrategy=normal, databaseEnabled=false, handlesAlerts=true, hasTouchScreen=false, version=55.0.2883.87, platform=XP, browserConnectionEnabled=false, nativeEvents=true, acceptSslCerts=true, locationContextEnabled=true, webStorageEnabled=true, browserName=chrome, takesScreenshot=true, javascriptEnabled=true, cssSelectorsEnabled=true}]
Session ID: 17ff695645f9b9cbc45623f7fae0d8cf
*** Element info: {Using=link text, value=SIGN IN}]]]>
            </line>
          </reporter-output>
        </test-method> <!-- validSignINFrame -->
        <test-method status="PASS" signature="validSignINFrame(java.lang.String, java.lang.String, java.lang.String)[pri:0, instance:com.cashkaro.testScripts.testLogin@5c18298f]" name="validSignINFrame" duration-ms="0" started-at="2017-02-04T14:13:37Z" data-provider="loginTestData" depends-on-methods="com.cashkaro.testScripts.testLogin.openHomePage" finished-at="2017-02-04T14:13:37Z">
          <params>
            <param index="0">
              <value>
                <![CDATA[rijujohn]]>
              </value>
            </param>
            <param index="1">
              <value>
                <![CDATA[blue]]>
              </value>
            </param>
            <param index="2">
              <value>
                <![CDATA[Please enter valid password.]]>
              </value>
            </param>
          </params>
          <reporter-output>
          </reporter-output>
        </test-method> <!-- validSignINFrame -->
        <test-method status="PASS" signature="tearDown()[pri:0, instance:com.cashkaro.testScripts.testLogin@5c18298f]" name="tearDown" duration-ms="1320" started-at="2017-02-04T14:13:38Z" depends-on-methods="com.cashkaro.testScripts.testLogin.openHomePage" finished-at="2017-02-04T14:13:39Z">
          <reporter-output>
            <line>
              <![CDATA[Close browser error]]>
            </line>
          </reporter-output>
        </test-method> <!-- tearDown -->
        <test-method status="FAIL" signature="testTheLogin(java.lang.String, java.lang.String, java.lang.String)[pri:0, instance:com.cashkaro.testScripts.testLogin@5c18298f]" name="testTheLogin" duration-ms="0" started-at="2017-02-04T14:13:39Z" data-provider="loginTestData" depends-on-methods="com.cashkaro.testScripts.testLogin.openSignInPage" finished-at="2017-02-04T14:13:39Z">
          <params>
            <param index="0">
              <value>
                <![CDATA[rjNOT@gmail.com]]>
              </value>
            </param>
            <param index="1">
              <value>
                <![CDATA[dfdsf]]>
              </value>
            </param>
            <param index="2">
              <value>
                <![CDATA[Please enter valid password.]]>
              </value>
            </param>
          </params>
          <exception class="org.openqa.selenium.NoSuchSessionException">
            <message>
              <![CDATA[Session ID is null. Using WebDriver after calling quit()?
Build info: version: '3.0.1', revision: '1969d75', time: '2016-10-18 09:49:13 -0700'
System info: host: 'User-PC', ip: '192.168.1.3', os.name: 'Windows 7', os.arch: 'amd64', os.version: '6.1', java.version: '1.8.0_111'
Driver info: driver.version: RemoteWebDriver]]>
            </message>
            <full-stacktrace>
              <![CDATA[org.openqa.selenium.NoSuchSessionException: Session ID is null. Using WebDriver after calling quit()?
Build info: version: '3.0.1', revision: '1969d75', time: '2016-10-18 09:49:13 -0700'
System info: host: 'User-PC', ip: '192.168.1.3', os.name: 'Windows 7', os.arch: 'amd64', os.version: '6.1', java.version: '1.8.0_111'
Driver info: driver.version: RemoteWebDriver
	at org.openqa.selenium.remote.HttpCommandExecutor.execute(HttpCommandExecutor.java:130)
	at org.openqa.selenium.remote.service.DriverCommandExecutor.execute(DriverCommandExecutor.java:82)
	at org.openqa.selenium.remote.RemoteWebDriver.execute(RemoteWebDriver.java:601)
	at org.openqa.selenium.remote.RemoteWebDriver.execute(RemoteWebDriver.java:658)
	at org.openqa.selenium.remote.RemoteWebDriver.getScreenshotAs(RemoteWebDriver.java:340)
	at com.cashkaro.testutil.Utils.fntakeScreenShot(Utils.java:222)
	at com.cashkaro.testutil.Utils.fnCheckAndLogExtentResult(Utils.java:238)
	at com.cashkaro.pageLibrary.homePage.signInFrame.verifyLoginFromSignIn(signInFrame.java:14)
	at com.cashkaro.testScripts.testLogin.testTheLogin(testLogin.java:44)
	at sun.reflect.NativeMethodAccessorImpl.invoke0(Native Method)
	at sun.reflect.NativeMethodAccessorImpl.invoke(NativeMethodAccessorImpl.java:62)
	at sun.reflect.DelegatingMethodAccessorImpl.invoke(DelegatingMethodAccessorImpl.java:43)
	at java.lang.reflect.Method.invoke(Method.java:498)
	at org.testng.internal.MethodInvocationHelper.invokeMethod(MethodInvocationHelper.java:80)
	at org.testng.internal.Invoker.invokeMethod(Invoker.java:714)
	at org.testng.internal.Invoker.invokeTestMethod(Invoker.java:901)
	at org.testng.internal.Invoker.invokeTestMethods(Invoker.java:1231)
	at org.testng.internal.TestMethodWorker.invokeTestMethods(TestMethodWorker.java:127)
	at org.testng.internal.TestMethodWorker.run(TestMethodWorker.java:111)
	at org.testng.TestRunner.privateRun(TestRunner.java:767)
	at org.testng.TestRunner.run(TestRunner.java:617)
	at org.testng.SuiteRunner.runTest(SuiteRunner.java:334)
	at org.testng.SuiteRunner.runSequentially(SuiteRunner.java:329)
	at org.testng.SuiteRunner.privateRun(SuiteRunner.java:291)
	at org.testng.SuiteRunner.run(SuiteRunner.java:240)
	at org.testng.SuiteRunnerWorker.runSuite(SuiteRunnerWorker.java:52)
	at org.testng.SuiteRunnerWorker.run(SuiteRunnerWorker.java:86)
	at org.testng.TestNG.runSuitesSequentially(TestNG.java:1198)
	at org.testng.TestNG.runSuitesLocally(TestNG.java:1123)
	at org.testng.TestNG.run(TestNG.java:1031)
	at org.apache.maven.surefire.testng.TestNGExecutor.run(TestNGExecutor.java:293)
	at org.apache.maven.surefire.testng.TestNGXmlTestSuite.execute(TestNGXmlTestSuite.java:84)
	at org.apache.maven.surefire.testng.TestNGProvider.invoke(TestNGProvider.java:91)
	at org.apache.maven.surefire.booter.ForkedBooter.invokeProviderInSameClassLoader(ForkedBooter.java:200)
	at org.apache.maven.surefire.booter.ForkedBooter.runSuitesInProcess(ForkedBooter.java:153)
	at org.apache.maven.surefire.booter.ForkedBooter.main(ForkedBooter.java:103)
]]>
            </full-stacktrace>
          </exception> <!-- org.openqa.selenium.NoSuchSessionException -->
          <reporter-output>
            <line>
              <![CDATA[Webelement --> 'cashkaro.signInframe.emailTxt' was not found in the page.Error --> 'Session ID is null. Using WebDriver after calling quit()?
Build info: version: '3.0.1', revision: '1969d75', time: '2016-10-18 09:49:13 -0700'
System info: host: 'User-PC', ip: '192.168.1.3', os.name: 'Windows 7', os.arch: 'amd64', os.version: '6.1', java.version: '1.8.0_111'
Driver info: driver.version: RemoteWebDriver]]>
            </line>
            <line>
              <![CDATA[Text --> 'rjNOT@gmail.com' not entered in text field --> 'cashkaro.signInframe.emailTxt'.Error -null]]>
            </line>
            <line>
              <![CDATA[From listner - The test failed out [TestResult name=testTheLogin status=FAILURE method=testLogin.testTheLogin(java.lang.String, java.lang.String, java.lang.String)[pri:0, instance:com.cashkaro.testScripts.testLogin@5c18298f] output=Webelement --> 'cashkaro.signInframe.emailTxt' was not found in the page.Error --> 'Session ID is null. Using WebDriver after calling quit()?
Build info: version: '3.0.1', revision: '1969d75', time: '2016-10-18 09:49:13 -0700'
System info: host: 'User-PC', ip: '192.168.1.3', os.name: 'Windows 7', os.arch: 'amd64', os.version: '6.1', java.version: '1.8.0_111'
Driver info: driver.version: RemoteWebDriver]]]>
            </line>
            <line>
              <![CDATA[From listner - The test failed out [TestResult name=testTheLogin status=FAILURE method=testLogin.testTheLogin(java.lang.String, java.lang.String, java.lang.String)[pri:0, instance:com.cashkaro.testScripts.testLogin@5c18298f] output=Webelement --> 'cashkaro.signInframe.emailTxt' was not found in the page.Error --> 'Session ID is null. Using WebDriver after calling quit()?
Build info: version: '3.0.1', revision: '1969d75', time: '2016-10-18 09:49:13 -0700'
System info: host: 'User-PC', ip: '192.168.1.3', os.name: 'Windows 7', os.arch: 'amd64', os.version: '6.1', java.version: '1.8.0_111'
Driver info: driver.version: RemoteWebDriver]]]>
            </line>
          </reporter-output>
        </test-method> <!-- testTheLogin -->
        <test-method status="FAIL" signature="testTheLogin(java.lang.String, java.lang.String, java.lang.String)[pri:0, instance:com.cashkaro.testScripts.testLogin@5c18298f]" name="testTheLogin" duration-ms="0" started-at="2017-02-04T14:13:39Z" data-provider="loginTestData" depends-on-methods="com.cashkaro.testScripts.testLogin.openSignInPage" finished-at="2017-02-04T14:13:39Z">
          <params>
            <param index="0">
              <value>
                <![CDATA[rijujohn]]>
              </value>
            </param>
            <param index="1">
              <value>
                <![CDATA[blue]]>
              </value>
            </param>
            <param index="2">
              <value>
                <![CDATA[Please enter valid password.]]>
              </value>
            </param>
          </params>
          <exception class="org.openqa.selenium.NoSuchSessionException">
            <message>
              <![CDATA[Session ID is null. Using WebDriver after calling quit()?
Build info: version: '3.0.1', revision: '1969d75', time: '2016-10-18 09:49:13 -0700'
System info: host: 'User-PC', ip: '192.168.1.3', os.name: 'Windows 7', os.arch: 'amd64', os.version: '6.1', java.version: '1.8.0_111'
Driver info: driver.version: RemoteWebDriver]]>
            </message>
            <full-stacktrace>
              <![CDATA[org.openqa.selenium.NoSuchSessionException: Session ID is null. Using WebDriver after calling quit()?
Build info: version: '3.0.1', revision: '1969d75', time: '2016-10-18 09:49:13 -0700'
System info: host: 'User-PC', ip: '192.168.1.3', os.name: 'Windows 7', os.arch: 'amd64', os.version: '6.1', java.version: '1.8.0_111'
Driver info: driver.version: RemoteWebDriver
	at org.openqa.selenium.remote.HttpCommandExecutor.execute(HttpCommandExecutor.java:130)
	at org.openqa.selenium.remote.service.DriverCommandExecutor.execute(DriverCommandExecutor.java:82)
	at org.openqa.selenium.remote.RemoteWebDriver.execute(RemoteWebDriver.java:601)
	at org.openqa.selenium.remote.RemoteWebDriver.execute(RemoteWebDriver.java:658)
	at org.openqa.selenium.remote.RemoteWebDriver.getScreenshotAs(RemoteWebDriver.java:340)
	at com.cashkaro.testutil.Utils.fntakeScreenShot(Utils.java:222)
	at com.cashkaro.testutil.Utils.fnCheckAndLogExtentResult(Utils.java:238)
	at com.cashkaro.pageLibrary.homePage.signInFrame.verifyLoginFromSignIn(signInFrame.java:14)
	at com.cashkaro.testScripts.testLogin.testTheLogin(testLogin.java:44)
	at sun.reflect.NativeMethodAccessorImpl.invoke0(Native Method)
	at sun.reflect.NativeMethodAccessorImpl.invoke(NativeMethodAccessorImpl.java:62)
	at sun.reflect.DelegatingMethodAccessorImpl.invoke(DelegatingMethodAccessorImpl.java:43)
	at java.lang.reflect.Method.invoke(Method.java:498)
	at org.testng.internal.MethodInvocationHelper.invokeMethod(MethodInvocationHelper.java:80)
	at org.testng.internal.Invoker.invokeMethod(Invoker.java:714)
	at org.testng.internal.Invoker.invokeTestMethod(Invoker.java:901)
	at org.testng.internal.Invoker.invokeTestMethods(Invoker.java:1231)
	at org.testng.internal.TestMethodWorker.invokeTestMethods(TestMethodWorker.java:127)
	at org.testng.internal.TestMethodWorker.run(TestMethodWorker.java:111)
	at org.testng.TestRunner.privateRun(TestRunner.java:767)
	at org.testng.TestRunner.run(TestRunner.java:617)
	at org.testng.SuiteRunner.runTest(SuiteRunner.java:334)
	at org.testng.SuiteRunner.runSequentially(SuiteRunner.java:329)
	at org.testng.SuiteRunner.privateRun(SuiteRunner.java:291)
	at org.testng.SuiteRunner.run(SuiteRunner.java:240)
	at org.testng.SuiteRunnerWorker.runSuite(SuiteRunnerWorker.java:52)
	at org.testng.SuiteRunnerWorker.run(SuiteRunnerWorker.java:86)
	at org.testng.TestNG.runSuitesSequentially(TestNG.java:1198)
	at org.testng.TestNG.runSuitesLocally(TestNG.java:1123)
	at org.testng.TestNG.run(TestNG.java:1031)
	at org.apache.maven.surefire.testng.TestNGExecutor.run(TestNGExecutor.java:293)
	at org.apache.maven.surefire.testng.TestNGXmlTestSuite.execute(TestNGXmlTestSuite.java:84)
	at org.apache.maven.surefire.testng.TestNGProvider.invoke(TestNGProvider.java:91)
	at org.apache.maven.surefire.booter.ForkedBooter.invokeProviderInSameClassLoader(ForkedBooter.java:200)
	at org.apache.maven.surefire.booter.ForkedBooter.runSuitesInProcess(ForkedBooter.java:153)
	at org.apache.maven.surefire.booter.ForkedBooter.main(ForkedBooter.java:103)
]]>
            </full-stacktrace>
          </exception> <!-- org.openqa.selenium.NoSuchSessionException -->
          <reporter-output>
            <line>
              <![CDATA[Webelement --> 'cashkaro.signInframe.emailTxt' was not found in the page.Error --> 'Session ID is null. Using WebDriver after calling quit()?
Build info: version: '3.0.1', revision: '1969d75', time: '2016-10-18 09:49:13 -0700'
System info: host: 'User-PC', ip: '192.168.1.3', os.name: 'Windows 7', os.arch: 'amd64', os.version: '6.1', java.version: '1.8.0_111'
Driver info: driver.version: RemoteWebDriver]]>
            </line>
            <line>
              <![CDATA[Text --> 'rijujohn' not entered in text field --> 'cashkaro.signInframe.emailTxt'.Error -null]]>
            </line>
            <line>
              <![CDATA[From listner - The test failed out [TestResult name=testTheLogin status=FAILURE method=testLogin.testTheLogin(java.lang.String, java.lang.String, java.lang.String)[pri:0, instance:com.cashkaro.testScripts.testLogin@5c18298f] output=Webelement --> 'cashkaro.signInframe.emailTxt' was not found in the page.Error --> 'Session ID is null. Using WebDriver after calling quit()?
Build info: version: '3.0.1', revision: '1969d75', time: '2016-10-18 09:49:13 -0700'
System info: host: 'User-PC', ip: '192.168.1.3', os.name: 'Windows 7', os.arch: 'amd64', os.version: '6.1', java.version: '1.8.0_111'
Driver info: driver.version: RemoteWebDriver]]]>
            </line>
            <line>
              <![CDATA[From listner - The test failed out [TestResult name=testTheLogin status=FAILURE method=testLogin.testTheLogin(java.lang.String, java.lang.String, java.lang.String)[pri:0, instance:com.cashkaro.testScripts.testLogin@5c18298f] output=Webelement --> 'cashkaro.signInframe.emailTxt' was not found in the page.Error --> 'Session ID is null. Using WebDriver after calling quit()?
Build info: version: '3.0.1', revision: '1969d75', time: '2016-10-18 09:49:13 -0700'
System info: host: 'User-PC', ip: '192.168.1.3', os.name: 'Windows 7', os.arch: 'amd64', os.version: '6.1', java.version: '1.8.0_111'
Driver info: driver.version: RemoteWebDriver]]]>
            </line>
          </reporter-output>
        </test-method> <!-- testTheLogin -->
        <test-method status="PASS" signature="testTheLogin(java.lang.String, java.lang.String, java.lang.String)[pri:0, instance:com.cashkaro.testScripts.testLogin@5c18298f]" name="testTheLogin" duration-ms="0" started-at="2017-02-04T14:13:39Z" data-provider="loginTestData" depends-on-methods="com.cashkaro.testScripts.testLogin.openSignInPage" finished-at="2017-02-04T14:13:39Z">
          <params>
            <param index="0">
              <value>
                <![CDATA[VALIDron@gmail.com]]>
              </value>
            </param>
            <param index="1">
              <value>
                <![CDATA[blueberry]]>
              </value>
            </param>
            <param index="2">
              <value>
                <![CDATA[Hello Ron,]]>
              </value>
            </param>
          </params>
          <reporter-output>
          </reporter-output>
        </test-method> <!-- testTheLogin -->
        <test-method status="FAIL" signature="closeSignINFrame()[pri:0, instance:com.cashkaro.testScripts.testLogin@5c18298f]" name="closeSignINFrame" duration-ms="0" started-at="2017-02-04T14:13:39Z" depends-on-methods="com.cashkaro.testScripts.testLogin.openSignInPage" finished-at="2017-02-04T14:13:39Z">
          <exception class="org.openqa.selenium.NoSuchSessionException">
            <message>
              <![CDATA[Session ID is null. Using WebDriver after calling quit()?
Build info: version: '3.0.1', revision: '1969d75', time: '2016-10-18 09:49:13 -0700'
System info: host: 'User-PC', ip: '192.168.1.3', os.name: 'Windows 7', os.arch: 'amd64', os.version: '6.1', java.version: '1.8.0_111'
Driver info: driver.version: RemoteWebDriver]]>
            </message>
            <full-stacktrace>
              <![CDATA[org.openqa.selenium.NoSuchSessionException: Session ID is null. Using WebDriver after calling quit()?
Build info: version: '3.0.1', revision: '1969d75', time: '2016-10-18 09:49:13 -0700'
System info: host: 'User-PC', ip: '192.168.1.3', os.name: 'Windows 7', os.arch: 'amd64', os.version: '6.1', java.version: '1.8.0_111'
Driver info: driver.version: RemoteWebDriver
	at org.openqa.selenium.remote.HttpCommandExecutor.execute(HttpCommandExecutor.java:130)
	at org.openqa.selenium.remote.service.DriverCommandExecutor.execute(DriverCommandExecutor.java:82)
	at org.openqa.selenium.remote.RemoteWebDriver.execute(RemoteWebDriver.java:601)
	at org.openqa.selenium.remote.RemoteWebDriver$RemoteTargetLocator.defaultContent(RemoteWebDriver.java:967)
	at com.cashkaro.testutil.Utils.switchDefault(Utils.java:201)
	at com.cashkaro.pageLibrary.homePage.signInFrame.closeSignInFrame(signInFrame.java:33)
	at com.cashkaro.testScripts.testLogin.closeSignINFrame(testLogin.java:55)
	at sun.reflect.NativeMethodAccessorImpl.invoke0(Native Method)
	at sun.reflect.NativeMethodAccessorImpl.invoke(NativeMethodAccessorImpl.java:62)
	at sun.reflect.DelegatingMethodAccessorImpl.invoke(DelegatingMethodAccessorImpl.java:43)
	at java.lang.reflect.Method.invoke(Method.java:498)
	at org.testng.internal.MethodInvocationHelper.invokeMethod(MethodInvocationHelper.java:80)
	at org.testng.internal.Invoker.invokeMethod(Invoker.java:714)
	at org.testng.internal.Invoker.invokeTestMethod(Invoker.java:901)
	at org.testng.internal.Invoker.invokeTestMethods(Invoker.java:1231)
	at org.testng.internal.TestMethodWorker.invokeTestMethods(TestMethodWorker.java:127)
	at org.testng.internal.TestMethodWorker.run(TestMethodWorker.java:111)
	at org.testng.TestRunner.privateRun(TestRunner.java:767)
	at org.testng.TestRunner.run(TestRunner.java:617)
	at org.testng.SuiteRunner.runTest(SuiteRunner.java:334)
	at org.testng.SuiteRunner.runSequentially(SuiteRunner.java:329)
	at org.testng.SuiteRunner.privateRun(SuiteRunner.java:291)
	at org.testng.SuiteRunner.run(SuiteRunner.java:240)
	at org.testng.SuiteRunnerWorker.runSuite(SuiteRunnerWorker.java:52)
	at org.testng.SuiteRunnerWorker.run(SuiteRunnerWorker.java:86)
	at org.testng.TestNG.runSuitesSequentially(TestNG.java:1198)
	at org.testng.TestNG.runSuitesLocally(TestNG.java:1123)
	at org.testng.TestNG.run(TestNG.java:1031)
	at org.apache.maven.surefire.testng.TestNGExecutor.run(TestNGExecutor.java:293)
	at org.apache.maven.surefire.testng.TestNGXmlTestSuite.execute(TestNGXmlTestSuite.java:84)
	at org.apache.maven.surefire.testng.TestNGProvider.invoke(TestNGProvider.java:91)
	at org.apache.maven.surefire.booter.ForkedBooter.invokeProviderInSameClassLoader(ForkedBooter.java:200)
	at org.apache.maven.surefire.booter.ForkedBooter.runSuitesInProcess(ForkedBooter.java:153)
	at org.apache.maven.surefire.booter.ForkedBooter.main(ForkedBooter.java:103)
]]>
            </full-stacktrace>
          </exception> <!-- org.openqa.selenium.NoSuchSessionException -->
          <reporter-output>
            <line>
              <![CDATA[From listner - The test failed out [TestResult name=closeSignINFrame status=FAILURE method=testLogin.closeSignINFrame()[pri:0, instance:com.cashkaro.testScripts.testLogin@5c18298f] output={null}]]]>
            </line>
            <line>
              <![CDATA[From listner - The test failed out [TestResult name=closeSignINFrame status=FAILURE method=testLogin.closeSignINFrame()[pri:0, instance:com.cashkaro.testScripts.testLogin@5c18298f] output=From listner - The test failed out [TestResult name=closeSignINFrame status=FAILURE method=testLogin.closeSignINFrame()[pri:0, instance:com.cashkaro.testScripts.testLogin@5c18298f] output={null}]]]]>
            </line>
          </reporter-output>
        </test-method> <!-- closeSignINFrame -->
      </class> <!-- com.cashkaro.testScripts.testLogin -->
    </test> <!-- Login Test -->
    <test name="Join With Facebook" duration-ms="14007" started-at="2017-02-04T08:43:39Z" finished-at="2017-02-04T08:43:53Z">
      <class name="com.cashkaro.testScripts.testJoinWithFaceBook">
        <test-method status="PASS" signature="openHomePage()[pri:0, instance:com.cashkaro.testScripts.testJoinWithFaceBook@7a36aefa]" name="openHomePage" duration-ms="9633" started-at="2017-02-04T14:13:39Z" finished-at="2017-02-04T14:13:49Z">
          <reporter-output>
          </reporter-output>
        </test-method> <!-- openHomePage -->
        <test-method status="FAIL" signature="openJoinFreePage()[pri:0, instance:com.cashkaro.testScripts.testJoinWithFaceBook@7a36aefa]" name="openJoinFreePage" duration-ms="4137" started-at="2017-02-04T14:13:49Z" depends-on-methods="com.cashkaro.testScripts.testJoinWithFaceBook.openHomePage" finished-at="2017-02-04T14:13:53Z">
          <exception class="java.lang.NullPointerException">
            <full-stacktrace>
              <![CDATA[java.lang.NullPointerException
	at org.openqa.selenium.support.ui.ExpectedConditions.elementIfVisible(ExpectedConditions.java:302)
	at org.openqa.selenium.support.ui.ExpectedConditions.access$100(ExpectedConditions.java:41)
	at org.openqa.selenium.support.ui.ExpectedConditions$10.apply(ExpectedConditions.java:288)
	at org.openqa.selenium.support.ui.ExpectedConditions$10.apply(ExpectedConditions.java:285)
	at org.openqa.selenium.support.ui.ExpectedConditions$23.apply(ExpectedConditions.java:684)
	at org.openqa.selenium.support.ui.ExpectedConditions$23.apply(ExpectedConditions.java:677)
	at org.openqa.selenium.support.ui.FluentWait.until(FluentWait.java:238)
	at com.cashkaro.testutil.Utils.elemWait(Utils.java:119)
	at com.cashkaro.pageLibrary.homePage.homePage.clickJoinFreeButton(homePage.java:28)
	at com.cashkaro.testScripts.testJoinWithFaceBook.openJoinFreePage(testJoinWithFaceBook.java:38)
	at sun.reflect.NativeMethodAccessorImpl.invoke0(Native Method)
	at sun.reflect.NativeMethodAccessorImpl.invoke(NativeMethodAccessorImpl.java:62)
	at sun.reflect.DelegatingMethodAccessorImpl.invoke(DelegatingMethodAccessorImpl.java:43)
	at java.lang.reflect.Method.invoke(Method.java:498)
	at org.testng.internal.MethodInvocationHelper.invokeMethod(MethodInvocationHelper.java:80)
	at org.testng.internal.Invoker.invokeMethod(Invoker.java:714)
	at org.testng.internal.Invoker.invokeTestMethod(Invoker.java:901)
	at org.testng.internal.Invoker.invokeTestMethods(Invoker.java:1231)
	at org.testng.internal.TestMethodWorker.invokeTestMethods(TestMethodWorker.java:127)
	at org.testng.internal.TestMethodWorker.run(TestMethodWorker.java:111)
	at org.testng.TestRunner.privateRun(TestRunner.java:767)
	at org.testng.TestRunner.run(TestRunner.java:617)
	at org.testng.SuiteRunner.runTest(SuiteRunner.java:334)
	at org.testng.SuiteRunner.runSequentially(SuiteRunner.java:329)
	at org.testng.SuiteRunner.privateRun(SuiteRunner.java:291)
	at org.testng.SuiteRunner.run(SuiteRunner.java:240)
	at org.testng.SuiteRunnerWorker.runSuite(SuiteRunnerWorker.java:52)
	at org.testng.SuiteRunnerWorker.run(SuiteRunnerWorker.java:86)
	at org.testng.TestNG.runSuitesSequentially(TestNG.java:1198)
	at org.testng.TestNG.runSuitesLocally(TestNG.java:1123)
	at org.testng.TestNG.run(TestNG.java:1031)
	at org.apache.maven.surefire.testng.TestNGExecutor.run(TestNGExecutor.java:293)
	at org.apache.maven.surefire.testng.TestNGXmlTestSuite.execute(TestNGXmlTestSuite.java:84)
	at org.apache.maven.surefire.testng.TestNGProvider.invoke(TestNGProvider.java:91)
	at org.apache.maven.surefire.booter.ForkedBooter.invokeProviderInSameClassLoader(ForkedBooter.java:200)
	at org.apache.maven.surefire.booter.ForkedBooter.runSuitesInProcess(ForkedBooter.java:153)
	at org.apache.maven.surefire.booter.ForkedBooter.main(ForkedBooter.java:103)
]]>
            </full-stacktrace>
          </exception> <!-- java.lang.NullPointerException -->
          <reporter-output>
            <line>
              <![CDATA[Webelement --> 'cashkaro.homePage.joinFreeButton' was not found in the page.Error --> 'chrome not reachable
  (Session info: chrome=55.0.2883.87)
  (Driver info: chromedriver=2.25.426923 (0390b88869384d6eb0d5d09729679f934aab9eed),platform=Windows NT 6.1.7600 x86_64) (WARNING: The server did not provide any stacktrace information)
Command duration or timeout: 4.06 seconds
Build info: version: '3.0.1', revision: '1969d75', time: '2016-10-18 09:49:13 -0700'
System info: host: 'User-PC', ip: '192.168.1.3', os.name: 'Windows 7', os.arch: 'amd64', os.version: '6.1', java.version: '1.8.0_111'
Driver info: org.openqa.selenium.chrome.ChromeDriver
Capabilities [{applicationCacheEnabled=false, rotatable=false, mobileEmulationEnabled=false, networkConnectionEnabled=false, chrome={chromedriverVersion=2.25.426923 (0390b88869384d6eb0d5d09729679f934aab9eed), userDataDir=C:\Users\User\AppData\Local\Temp\scoped_dir148_10796}, takesHeapSnapshot=true, pageLoadStrategy=normal, databaseEnabled=false, handlesAlerts=true, hasTouchScreen=false, version=55.0.2883.87, platform=XP, browserConnectionEnabled=false, nativeEvents=true, acceptSslCerts=true, locationContextEnabled=true, webStorageEnabled=true, browserName=chrome, takesScreenshot=true, javascriptEnabled=true, cssSelectorsEnabled=true}]
Session ID: 6d1d75b2caa2e6b62bef59b244e95b3e
*** Element info: {Using=link text, value=JOIN FREE}]]>
            </line>
            <line>
              <![CDATA[From listner - The test failed out [TestResult name=openJoinFreePage status=FAILURE method=testJoinWithFaceBook.openJoinFreePage()[pri:0, instance:com.cashkaro.testScripts.testJoinWithFaceBook@7a36aefa] output=Webelement --> 'cashkaro.homePage.joinFreeButton' was not found in the page.Error --> 'chrome not reachable
  (Session info: chrome=55.0.2883.87)
  (Driver info: chromedriver=2.25.426923 (0390b88869384d6eb0d5d09729679f934aab9eed),platform=Windows NT 6.1.7600 x86_64) (WARNING: The server did not provide any stacktrace information)
Command duration or timeout: 4.06 seconds
Build info: version: '3.0.1', revision: '1969d75', time: '2016-10-18 09:49:13 -0700'
System info: host: 'User-PC', ip: '192.168.1.3', os.name: 'Windows 7', os.arch: 'amd64', os.version: '6.1', java.version: '1.8.0_111'
Driver info: org.openqa.selenium.chrome.ChromeDriver
Capabilities [{applicationCacheEnabled=false, rotatable=false, mobileEmulationEnabled=false, networkConnectionEnabled=false, chrome={chromedriverVersion=2.25.426923 (0390b88869384d6eb0d5d09729679f934aab9eed), userDataDir=C:\Users\User\AppData\Local\Temp\scoped_dir148_10796}, takesHeapSnapshot=true, pageLoadStrategy=normal, databaseEnabled=false, handlesAlerts=true, hasTouchScreen=false, version=55.0.2883.87, platform=XP, browserConnectionEnabled=false, nativeEvents=true, acceptSslCerts=true, locationContextEnabled=true, webStorageEnabled=true, browserName=chrome, takesScreenshot=true, javascriptEnabled=true, cssSelectorsEnabled=true}]
Session ID: 6d1d75b2caa2e6b62bef59b244e95b3e
*** Element info: {Using=link text, value=JOIN FREE}]]]>
            </line>
            <line>
              <![CDATA[From listner - The test failed out [TestResult name=openJoinFreePage status=FAILURE method=testJoinWithFaceBook.openJoinFreePage()[pri:0, instance:com.cashkaro.testScripts.testJoinWithFaceBook@7a36aefa] output=Webelement --> 'cashkaro.homePage.joinFreeButton' was not found in the page.Error --> 'chrome not reachable
  (Session info: chrome=55.0.2883.87)
  (Driver info: chromedriver=2.25.426923 (0390b88869384d6eb0d5d09729679f934aab9eed),platform=Windows NT 6.1.7600 x86_64) (WARNING: The server did not provide any stacktrace information)
Command duration or timeout: 4.06 seconds
Build info: version: '3.0.1', revision: '1969d75', time: '2016-10-18 09:49:13 -0700'
System info: host: 'User-PC', ip: '192.168.1.3', os.name: 'Windows 7', os.arch: 'amd64', os.version: '6.1', java.version: '1.8.0_111'
Driver info: org.openqa.selenium.chrome.ChromeDriver
Capabilities [{applicationCacheEnabled=false, rotatable=false, mobileEmulationEnabled=false, networkConnectionEnabled=false, chrome={chromedriverVersion=2.25.426923 (0390b88869384d6eb0d5d09729679f934aab9eed), userDataDir=C:\Users\User\AppData\Local\Temp\scoped_dir148_10796}, takesHeapSnapshot=true, pageLoadStrategy=normal, databaseEnabled=false, handlesAlerts=true, hasTouchScreen=false, version=55.0.2883.87, platform=XP, browserConnectionEnabled=false, nativeEvents=true, acceptSslCerts=true, locationContextEnabled=true, webStorageEnabled=true, browserName=chrome, takesScreenshot=true, javascriptEnabled=true, cssSelectorsEnabled=true}]
Session ID: 6d1d75b2caa2e6b62bef59b244e95b3e
*** Element info: {Using=link text, value=JOIN FREE}]]]>
            </line>
          </reporter-output>
        </test-method> <!-- openJoinFreePage -->
        <test-method status="SKIP" signature="openJoinFB()[pri:0, instance:com.cashkaro.testScripts.testJoinWithFaceBook@7a36aefa]" name="openJoinFB" duration-ms="0" started-at="2017-02-04T14:13:53Z" depends-on-methods="com.cashkaro.testScripts.testJoinWithFaceBook.openJoinFreePage" finished-at="2017-02-04T14:13:53Z">
          <reporter-output>
          </reporter-output>
        </test-method> <!-- openJoinFB -->
        <test-method status="SKIP" signature="validateFBLinks()[pri:0, instance:com.cashkaro.testScripts.testJoinWithFaceBook@7a36aefa]" name="validateFBLinks" duration-ms="0" started-at="2017-02-04T14:13:53Z" depends-on-methods="com.cashkaro.testScripts.testJoinWithFaceBook.openJoinFB" finished-at="2017-02-04T14:13:53Z">
          <reporter-output>
          </reporter-output>
[...]
                <![CDATA[Rin John]]>
              </value>
            </param>
            <param index="1">
              <value>
                <![CDATA[f@gmail]]>
              </value>
            </param>
            <param index="2">
              <value>
                <![CDATA[bl]]>
              </value>
            </param>
          </params>
          <exception class="org.openqa.selenium.NoSuchSessionException">
            <message>
              <![CDATA[Session ID is null. Using WebDriver after calling quit()?
Build info: version: '3.0.1', revision: '1969d75', time: '2016-10-18 09:49:13 -0700'
System info: host: 'User-PC', ip: '192.168.1.3', os.name: 'Windows 7', os.arch: 'amd64', os.version: '6.1', java.version: '1.8.0_111'
Driver info: driver.version: RemoteWebDriver]]>
            </message>
            <full-stacktrace>
              <![CDATA[org.openqa.selenium.NoSuchSessionException: Session ID is null. Using WebDriver after calling quit()?
Build info: version: '3.0.1', revision: '1969d75', time: '2016-10-18 09:49:13 -0700'
System info: host: 'User-PC', ip: '192.168.1.3', os.name: 'Windows 7', os.arch: 'amd64', os.version: '6.1', java.version: '1.8.0_111'
Driver info: driver.version: RemoteWebDriver
	at org.openqa.selenium.remote.HttpCommandExecutor.execute(HttpCommandExecutor.java:130)
	at org.openqa.selenium.remote.service.DriverCommandExecutor.execute(DriverCommandExecutor.java:82)
	at org.openqa.selenium.remote.RemoteWebDriver.execute(RemoteWebDriver.java:601)
	at org.openqa.selenium.remote.RemoteWebDriver.execute(RemoteWebDriver.java:658)
	at org.openqa.selenium.remote.RemoteWebDriver.getScreenshotAs(RemoteWebDriver.java:340)
	at com.cashkaro.testutil.Utils.fntakeScreenShot(Utils.java:222)
	at com.cashkaro.testutil.Utils.fnCheckAndLogExtentResult(Utils.java:238)
	at com.cashkaro.pageLibrary.joinFreeNowPage.joinFreeMainPage.validateJoinFree(joinFreeMainPage.java:85)
	at com.cashkaro.testScripts.testJoinFree.testTheLogin(testJoinFree.java:47)
	at sun.reflect.NativeMethodAccessorImpl.invoke0(Native Method)
	at sun.reflect.NativeMethodAccessorImpl.invoke(NativeMethodAccessorImpl.java:62)
	at sun.reflect.DelegatingMethodAccessorImpl.invoke(DelegatingMethodAccessorImpl.java:43)
	at java.lang.reflect.Method.invoke(Method.java:498)
	at org.testng.internal.MethodInvocationHelper.invokeMethod(MethodInvocationHelper.java:80)
	at org.testng.internal.Invoker.invokeMethod(Invoker.java:714)
	at org.testng.internal.Invoker.invokeTestMethod(Invoker.java:901)
	at org.testng.internal.Invoker.invokeTestMethods(Invoker.java:1231)
	at org.testng.internal.TestMethodWorker.invokeTestMethods(TestMethodWorker.java:127)
	at org.testng.internal.TestMethodWorker.run(TestMethodWorker.java:111)
	at org.testng.TestRunner.privateRun(TestRunner.java:767)
	at org.testng.TestRunner.run(TestRunner.java:617)
	at org.testng.SuiteRunner.runTest(SuiteRunner.java:334)
	at org.testng.SuiteRunner.runSequentially(SuiteRunner.java:329)
	at org.testng.SuiteRunner.privateRun(SuiteRunner.java:291)
	at org.testng.SuiteRunner.run(SuiteRunner.java:240)
	at org.testng.SuiteRunnerWorker.runSuite(SuiteRunnerWorker.java:52)
	at org.testng.SuiteRunnerWorker.run(SuiteRunnerWorker.java:86)
	at org.testng.TestNG.runSuitesSequentially(TestNG.java:1198)
	at org.testng.TestNG.runSuitesLocally(TestNG.java:1123)
	at org.testng.TestNG.run(TestNG.java:1031)
	at org.apache.maven.surefire.testng.TestNGExecutor.run(TestNGExecutor.java:293)
	at org.apache.maven.surefire.testng.TestNGXmlTestSuite.execute(TestNGXmlTestSuite.java:84)
	at org.apache.maven.surefire.testng.TestNGProvider.invoke(TestNGProvider.java:91)
	at org.apache.maven.surefire.booter.ForkedBooter.invokeProviderInSameClassLoader(ForkedBooter.java:200)
	at org.apache.maven.surefire.booter.ForkedBooter.runSuitesInProcess(ForkedBooter.java:153)
	at org.apache.maven.surefire.booter.ForkedBooter.main(ForkedBooter.java:103)
]]>
            </full-stacktrace>
          </exception> <!-- org.openqa.selenium.NoSuchSessionException -->
          <reporter-output>
            <line>
              <![CDATA[Webelement --> 'cashkaro.joinNowPage.joinFreeFullNameTxt' was not found in the page.Error --> 'Session ID is null. Using WebDriver after calling quit()?
Build info: version: '3.0.1', revision: '1969d75', time: '2016-10-18 09:49:13 -0700'
System info: host: 'User-PC', ip: '192.168.1.3', os.name: 'Windows 7', os.arch: 'amd64', os.version: '6.1', java.version: '1.8.0_111'
Driver info: driver.version: RemoteWebDriver]]>
            </line>
            <line>
              <![CDATA[Text --> 'Rin John' not entered in text field --> 'cashkaro.joinNowPage.joinFreeFullNameTxt'.Error -null]]>
            </line>
            <line>
              <![CDATA[From listner - The test failed out [TestResult name=testTheLogin status=FAILURE method=testJoinFree.testTheLogin(java.lang.String, java.lang.String, java.lang.String)[pri:0, instance:com.cashkaro.testScripts.testJoinFree@5123a213] output=Webelement --> 'cashkaro.joinNowPage.joinFreeFullNameTxt' was not found in the page.Error --> 'Session ID is null. Using WebDriver after calling quit()?
Build info: version: '3.0.1', revision: '1969d75', time: '2016-10-18 09:49:13 -0700'
System info: host: 'User-PC', ip: '192.168.1.3', os.name: 'Windows 7', os.arch: 'amd64', os.version: '6.1', java.version: '1.8.0_111'
Driver info: driver.version: RemoteWebDriver]]]>
            </line>
            <line>
              <![CDATA[From listner - The test failed out [TestResult name=testTheLogin status=FAILURE method=testJoinFree.testTheLogin(java.lang.String, java.lang.String, java.lang.String)[pri:0, instance:com.cashkaro.testScripts.testJoinFree@5123a213] output=Webelement --> 'cashkaro.joinNowPage.joinFreeFullNameTxt' was not found in the page.Error --> 'Session ID is null. Using WebDriver after calling quit()?
Build info: version: '3.0.1', revision: '1969d75', time: '2016-10-18 09:49:13 -0700'
System info: host: 'User-PC', ip: '192.168.1.3', os.name: 'Windows 7', os.arch: 'amd64', os.version: '6.1', java.version: '1.8.0_111'
Driver info: driver.version: RemoteWebDriver]]]>
            </line>
          </reporter-output>
        </test-method> <!-- testTheLogin -->
        <test-method status="FAIL" signature="testTheLogin(java.lang.String, java.lang.String, java.lang.String)[pri:0, instance:com.cashkaro.testScripts.testJoinFree@5123a213]" name="testTheLogin" duration-ms="534" started-at="2017-02-04T14:14:45Z" data-provider="joinFreeTestData" depends-on-methods="com.cashkaro.testScripts.testJoinFree.openJoinFreePage" finished-at="2017-02-04T14:14:45Z">
          <params>
            <param index="0">
              <value>
                <![CDATA[Rem John]]>
              </value>
            </param>
            <param index="1">
              <value>
                <![CDATA[ri4@gmail.com]]>
              </value>
            </param>
            <param index="2">
              <value>
                <![CDATA[""]]>
              </value>
            </param>
          </params>
          <exception class="org.openqa.selenium.NoSuchSessionException">
            <message>
              <![CDATA[Session ID is null. Using WebDriver after calling quit()?
Build info: version: '3.0.1', revision: '1969d75', time: '2016-10-18 09:49:13 -0700'
System info: host: 'User-PC', ip: '192.168.1.3', os.name: 'Windows 7', os.arch: 'amd64', os.version: '6.1', java.version: '1.8.0_111'
Driver info: driver.version: RemoteWebDriver]]>
            </message>
            <full-stacktrace>
              <![CDATA[org.openqa.selenium.NoSuchSessionException: Session ID is null. Using WebDriver after calling quit()?
Build info: version: '3.0.1', revision: '1969d75', time: '2016-10-18 09:49:13 -0700'
System info: host: 'User-PC', ip: '192.168.1.3', os.name: 'Windows 7', os.arch: 'amd64', os.version: '6.1', java.version: '1.8.0_111'
Driver info: driver.version: RemoteWebDriver
	at org.openqa.selenium.remote.HttpCommandExecutor.execute(HttpCommandExecutor.java:130)
	at org.openqa.selenium.remote.service.DriverCommandExecutor.execute(DriverCommandExecutor.java:82)
	at org.openqa.selenium.remote.RemoteWebDriver.execute(RemoteWebDriver.java:601)
	at org.openqa.selenium.remote.RemoteWebDriver.execute(RemoteWebDriver.java:658)
	at org.openqa.selenium.remote.RemoteWebDriver.getScreenshotAs(RemoteWebDriver.java:340)
	at com.cashkaro.testutil.Utils.fntakeScreenShot(Utils.java:222)
	at com.cashkaro.testutil.Utils.fnCheckAndLogExtentResult(Utils.java:238)
	at com.cashkaro.pageLibrary.joinFreeNowPage.joinFreeMainPage.validateJoinFree(joinFreeMainPage.java:85)
	at com.cashkaro.testScripts.testJoinFree.testTheLogin(testJoinFree.java:47)
	at sun.reflect.NativeMethodAccessorImpl.invoke0(Native Method)
	at sun.reflect.NativeMethodAccessorImpl.invoke(NativeMethodAccessorImpl.java:62)
	at sun.reflect.DelegatingMethodAccessorImpl.invoke(DelegatingMethodAccessorImpl.java:43)
	at java.lang.reflect.Method.invoke(Method.java:498)
	at org.testng.internal.MethodInvocationHelper.invokeMethod(MethodInvocationHelper.java:80)
	at org.testng.internal.Invoker.invokeMethod(Invoker.java:714)
	at org.testng.internal.Invoker.invokeTestMethod(Invoker.java:901)
	at org.testng.internal.Invoker.invokeTestMethods(Invoker.java:1231)
	at org.testng.internal.TestMethodWorker.invokeTestMethods(TestMethodWorker.java:127)
	at org.testng.internal.TestMethodWorker.run(TestMethodWorker.java:111)
	at org.testng.TestRunner.privateRun(TestRunner.java:767)
	at org.testng.TestRunner.run(TestRunner.java:617)
	at org.testng.SuiteRunner.runTest(SuiteRunner.java:334)
	at org.testng.SuiteRunner.runSequentially(SuiteRunner.java:329)
	at org.testng.SuiteRunner.privateRun(SuiteRunner.java:291)
	at org.testng.SuiteRunner.run(SuiteRunner.java:240)
	at org.testng.SuiteRunnerWorker.runSuite(SuiteRunnerWorker.java:52)
	at org.testng.SuiteRunnerWorker.run(SuiteRunnerWorker.java:86)
	at org.testng.TestNG.runSuitesSequentially(TestNG.java:1198)
	at org.testng.TestNG.runSuitesLocally(TestNG.java:1123)
	at org.testng.TestNG.run(TestNG.java:1031)
	at org.apache.maven.surefire.testng.TestNGExecutor.run(TestNGExecutor.java:293)
	at org.apache.maven.surefire.testng.TestNGXmlTestSuite.execute(TestNGXmlTestSuite.java:84)
	at org.apache.maven.surefire.testng.TestNGProvider.invoke(TestNGProvider.java:91)
	at org.apache.maven.surefire.booter.ForkedBooter.invokeProviderInSameClassLoader(ForkedBooter.java:200)
	at org.apache.maven.surefire.booter.ForkedBooter.runSuitesInProcess(ForkedBooter.java:153)
	at org.apache.maven.surefire.booter.ForkedBooter.main(ForkedBooter.java:103)
]]>
            </full-stacktrace>
          </exception> <!-- org.openqa.selenium.NoSuchSessionException -->
          <reporter-output>
            <line>
              <![CDATA[Webelement --> 'cashkaro.joinNowPage.joinFreeFullNameTxt' was not found in the page.Error --> 'Session ID is null. Using WebDriver after calling quit()?
Build info: version: '3.0.1', revision: '1969d75', time: '2016-10-18 09:49:13 -0700'
System info: host: 'User-PC', ip: '192.168.1.3', os.name: 'Windows 7', os.arch: 'amd64', os.version: '6.1', java.version: '1.8.0_111'
Driver info: driver.version: RemoteWebDriver]]>
            </line>
            <line>
              <![CDATA[Text --> 'Rem John' not entered in text field --> 'cashkaro.joinNowPage.joinFreeFullNameTxt'.Error -null]]>
            </line>
            <line>
              <![CDATA[From listner - The test failed out [TestResult name=testTheLogin status=FAILURE method=testJoinFree.testTheLogin(java.lang.String, java.lang.String, java.lang.String)[pri:0, instance:com.cashkaro.testScripts.testJoinFree@5123a213] output=Webelement --> 'cashkaro.joinNowPage.joinFreeFullNameTxt' was not found in the page.Error --> 'Session ID is null. Using WebDriver after calling quit()?
Build info: version: '3.0.1', revision: '1969d75', time: '2016-10-18 09:49:13 -0700'
System info: host: 'User-PC', ip: '192.168.1.3', os.name: 'Windows 7', os.arch: 'amd64', os.version: '6.1', java.version: '1.8.0_111'
Driver info: driver.version: RemoteWebDriver]]]>
            </line>
            <line>
              <![CDATA[From listner - The test failed out [TestResult name=testTheLogin status=FAILURE method=testJoinFree.testTheLogin(java.lang.String, java.lang.String, java.lang.String)[pri:0, instance:com.cashkaro.testScripts.testJoinFree@5123a213] output=Webelement --> 'cashkaro.joinNowPage.joinFreeFullNameTxt' was not found in the page.Error --> 'Session ID is null. Using WebDriver after calling quit()?
Build info: version: '3.0.1', revision: '1969d75', time: '2016-10-18 09:49:13 -0700'
System info: host: 'User-PC', ip: '192.168.1.3', os.name: 'Windows 7', os.arch: 'amd64', os.version: '6.1', java.version: '1.8.0_111'
Driver info: driver.version: RemoteWebDriver]]]>
            </line>
          </reporter-output>
        </test-method> <!-- testTheLogin -->
        <test-method status="FAIL" signature="testTheLogin(java.lang.String, java.lang.String, java.lang.String)[pri:0, instance:com.cashkaro.testScripts.testJoinFree@5123a213]" name="testTheLogin" duration-ms="505" started-at="2017-02-04T14:14:45Z" data-provider="joinFreeTestData" depends-on-methods="com.cashkaro.testScripts.testJoinFree.openJoinFreePage" finished-at="2017-02-04T14:14:46Z">
          <params>
            <param index="0">
              <value>
                <![CDATA[VALID Rem ]]>
              </value>
            </param>
            <param index="1">
              <value>
                <![CDATA[ri78@gmail.com]]>
              </value>
            </param>
            <param index="2">
              <value>
                <![CDATA[blueberry2]]>
              </value>
            </param>
          </params>
          <exception class="org.openqa.selenium.NoSuchSessionException">
            <message>
              <![CDATA[Session ID is null. Using WebDriver after calling quit()?
Build info: version: '3.0.1', revision: '1969d75', time: '2016-10-18 09:49:13 -0700'
System info: host: 'User-PC', ip: '192.168.1.3', os.name: 'Windows 7', os.arch: 'amd64', os.version: '6.1', java.version: '1.8.0_111'
Driver info: driver.version: RemoteWebDriver]]>
            </message>
            <full-stacktrace>
              <![CDATA[org.openqa.selenium.NoSuchSessionException: Session ID is null. Using WebDriver after calling quit()?
Build info: version: '3.0.1', revision: '1969d75', time: '2016-10-18 09:49:13 -0700'
System info: host: 'User-PC', ip: '192.168.1.3', os.name: 'Windows 7', os.arch: 'amd64', os.version: '6.1', java.version: '1.8.0_111'
Driver info: driver.version: RemoteWebDriver
	at org.openqa.selenium.remote.HttpCommandExecutor.execute(HttpCommandExecutor.java:130)
	at org.openqa.selenium.remote.service.DriverCommandExecutor.execute(DriverCommandExecutor.java:82)
	at org.openqa.selenium.remote.RemoteWebDriver.execute(RemoteWebDriver.java:601)
	at org.openqa.selenium.remote.RemoteWebDriver.execute(RemoteWebDriver.java:658)
	at org.openqa.selenium.remote.RemoteWebDriver.getScreenshotAs(RemoteWebDriver.java:340)
	at com.cashkaro.testutil.Utils.fntakeScreenShot(Utils.java:222)
	at com.cashkaro.testutil.Utils.fnCheckAndLogExtentResult(Utils.java:238)
	at com.cashkaro.pageLibrary.joinFreeNowPage.joinFreeMainPage.validateJoinFree(joinFreeMainPage.java:85)
	at com.cashkaro.testScripts.testJoinFree.testTheLogin(testJoinFree.java:47)
	at sun.reflect.NativeMethodAccessorImpl.invoke0(Native Method)
	at sun.reflect.NativeMethodAccessorImpl.invoke(NativeMethodAccessorImpl.java:62)
	at sun.reflect.DelegatingMethodAccessorImpl.invoke(DelegatingMethodAccessorImpl.java:43)
	at java.lang.reflect.Method.invoke(Method.java:498)
	at org.testng.internal.MethodInvocationHelper.invokeMethod(MethodInvocationHelper.java:80)
	at org.testng.internal.Invoker.invokeMethod(Invoker.java:714)
	at org.testng.internal.Invoker.invokeTestMethod(Invoker.java:901)
	at org.testng.internal.Invoker.invokeTestMethods(Invoker.java:1231)
	at org.testng.internal.TestMethodWorker.invokeTestMethods(TestMethodWorker.java:127)
	at org.testng.internal.TestMethodWorker.run(TestMethodWorker.java:111)
	at org.testng.TestRunner.privateRun(TestRunner.java:767)
	at org.testng.TestRunner.run(TestRunner.java:617)
	at org.testng.SuiteRunner.runTest(SuiteRunner.java:334)
	at org.testng.SuiteRunner.runSequentially(SuiteRunner.java:329)
	at org.testng.SuiteRunner.privateRun(SuiteRunner.java:291)
	at org.testng.SuiteRunner.run(SuiteRunner.java:240)
	at org.testng.SuiteRunnerWorker.runSuite(SuiteRunnerWorker.java:52)
	at org.testng.SuiteRunnerWorker.run(SuiteRunnerWorker.java:86)
	at org.testng.TestNG.runSuitesSequentially(TestNG.java:1198)
	at org.testng.TestNG.runSuitesLocally(TestNG.java:1123)
	at org.testng.TestNG.run(TestNG.java:1031)
	at org.apache.maven.surefire.testng.TestNGExecutor.run(TestNGExecutor.java:293)
	at org.apache.maven.surefire.testng.TestNGXmlTestSuite.execute(TestNGXmlTestSuite.java:84)
	at org.apache.maven.surefire.testng.TestNGProvider.invoke(TestNGProvider.java:91)
	at org.apache.maven.surefire.booter.ForkedBooter.invokeProviderInSameClassLoader(ForkedBooter.java:200)
	at org.apache.maven.surefire.booter.ForkedBooter.runSuitesInProcess(ForkedBooter.java:153)
	at org.apache.maven.surefire.booter.ForkedBooter.main(ForkedBooter.java:103)
]]>
            </full-stacktrace>
          </exception> <!-- org.openqa.selenium.NoSuchSessionException -->
          <reporter-output>
            <line>
              <![CDATA[Webelement --> 'cashkaro.joinNowPage.joinFreeFullNameTxt' was not found in the page.Error --> 'Session ID is null. Using WebDriver after calling quit()?
Build info: version: '3.0.1', revision: '1969d75', time: '2016-10-18 09:49:13 -0700'
System info: host: 'User-PC', ip: '192.168.1.3', os.name: 'Windows 7', os.arch: 'amd64', os.version: '6.1', java.version: '1.8.0_111'
Driver info: driver.version: RemoteWebDriver]]>
            </line>
            <line>
              <![CDATA[Text --> 'VALID Rem ' not entered in text field --> 'cashkaro.joinNowPage.joinFreeFullNameTxt'.Error -null]]>
            </line>
            <line>
              <![CDATA[From listner - The test failed out [TestResult name=testTheLogin status=FAILURE method=testJoinFree.testTheLogin(java.lang.String, java.lang.String, java.lang.String)[pri:0, instance:com.cashkaro.testScripts.testJoinFree@5123a213] output=Webelement --> 'cashkaro.joinNowPage.joinFreeFullNameTxt' was not found in the page.Error --> 'Session ID is null. Using WebDriver after calling quit()?
Build info: version: '3.0.1', revision: '1969d75', time: '2016-10-18 09:49:13 -0700'
System info: host: 'User-PC', ip: '192.168.1.3', os.name: 'Windows 7', os.arch: 'amd64', os.version: '6.1', java.version: '1.8.0_111'
Driver info: driver.version: RemoteWebDriver]]]>
            </line>
            <line>
              <![CDATA[From listner - The test failed out [TestResult name=testTheLogin status=FAILURE method=testJoinFree.testTheLogin(java.lang.String, java.lang.String, java.lang.String)[pri:0, instance:com.cashkaro.testScripts.testJoinFree@5123a213] output=Webelement --> 'cashkaro.joinNowPage.joinFreeFullNameTxt' was not found in the page.Error --> 'Session ID is null. Using WebDriver after calling quit()?
Build info: version: '3.0.1', revision: '1969d75', time: '2016-10-18 09:49:13 -0700'
System info: host: 'User-PC', ip: '192.168.1.3', os.name: 'Windows 7', os.arch: 'amd64', os.version: '6.1', java.version: '1.8.0_111'
Driver info: driver.version: RemoteWebDriver]]]>
            </line>
          </reporter-output>
        </test-method> <!-- testTheLogin -->
      </class> <!-- com.cashkaro.testScripts.testJoinFree -->
    </test> <!-- Join Free -->
  </suite> <!-- cashKaroTests -->
</testng-results>
