<?xml version="1.0" encoding="UTF-8"?>
<!-- Generated by org.testng.reporters.JUnitXMLReporter -->
<testsuite hostname="dell-PC" name="Forgot Password Tests" tests="8" failures="0" timestamp="3 Jan 2017 18:01:49 GMT" time="26.742" errors="0">
  <testcase name="openHomePage" time="9.935" classname="com.cashkaro.testScripts.testforgotPassWord"/>
  <testcase name="openForgotPasswordFrame" time="7.099" classname="com.cashkaro.testScripts.testforgotPassWord"/>
  <testcase name="testforgotPasswordFrame" time="1.073" classname="com.cashkaro.testScripts.testforgotPassWord"/>
  <testcase name="testforgotPasswordFrame" time="0.996" classname="com.cashkaro.testScripts.testforgotPassWord"/>
  <testcase name="testforgotPasswordFrame" time="1.601" classname="com.cashkaro.testScripts.testforgotPassWord"/>
  <testcase name="testforgotPasswordFrame" time="1.671" classname="com.cashkaro.testScripts.testforgotPassWord"/>
  <testcase name="closeforgotPasswordFrame" time="1.15" classname="com.cashkaro.testScripts.testforgotPassWord"/>
  <testcase name="tearDown" time="1.954" classname="com.cashkaro.testScripts.testforgotPassWord"/>
</testsuite> <!-- Forgot Password Tests -->
