<?xml version="1.0" encoding="UTF-8"?>
<!-- Generated by org.testng.reporters.JUnitXMLReporter -->
<testsuite hostname="dell-PC" name="Join Free" tests="8" failures="0" timestamp="3 Jan 2017 18:03:14 GMT" time="34.957" errors="0">
  <testcase name="openHomePage" time="8.202" classname="com.cashkaro.testScripts.testJoinFree"/>
  <testcase name="openJoinFreePage" time="4.458" classname="com.cashkaro.testScripts.testJoinFree"/>
  <testcase name="testTheLogin" time="4.27" classname="com.cashkaro.testScripts.testJoinFree"/>
  <testcase name="testTheLogin" time="3.43" classname="com.cashkaro.testScripts.testJoinFree"/>
  <testcase name="testTheLogin" time="3.373" classname="com.cashkaro.testScripts.testJoinFree"/>
  <testcase name="testTheLogin" time="3.948" classname="com.cashkaro.testScripts.testJoinFree"/>
  <testcase name="testTheLogin" time="6.384" classname="com.cashkaro.testScripts.testJoinFree"/>
  <testcase name="tearDown" time="0.817" classname="com.cashkaro.testScripts.testJoinFree"/>
</testsuite> <!-- Join Free -->
