<?xml version="1.0" encoding="UTF-8"?>
<!-- Generated by org.testng.reporters.JUnitXMLReporter -->
<testsuite hostname="dell-PC" name="Join With Facebook" tests="5" failures="0" timestamp="3 Jan 2017 18:02:39 GMT" time="20.849" errors="0">
  <testcase name="openHomePage" time="8.339" classname="com.cashkaro.testScripts.testJoinWithFaceBook"/>
  <testcase name="openJoinFreePage" time="4.996" classname="com.cashkaro.testScripts.testJoinWithFaceBook"/>
  <testcase name="openJoinFB" time="0.961" classname="com.cashkaro.testScripts.testJoinWithFaceBook"/>
  <testcase name="validateFBLinks" time="5.746" classname="com.cashkaro.testScripts.testJoinWithFaceBook"/>
  <testcase name="tearDown" time="0.793" classname="com.cashkaro.testScripts.testJoinWithFaceBook"/>
</testsuite> <!-- Join With Facebook -->
