<?xml version="1.0" encoding="UTF-8"?>
<!-- Generated by org.testng.reporters.JUnitXMLReporter -->
<testsuite hostname="dell-PC" name="Login Test" tests="10" failures="0" timestamp="3 Jan 2017 18:02:18 GMT" time="28.402" errors="0">
  <testcase name="openHomePage" time="8.455" classname="com.cashkaro.testScripts.testLogin"/>
  <testcase name="openSignInPage" time="5.852" classname="com.cashkaro.testScripts.testLogin"/>
  <testcase name="testTheLogin" time="1.391" classname="com.cashkaro.testScripts.testLogin"/>
  <testcase name="testTheLogin" time="1.35" classname="com.cashkaro.testScripts.testLogin"/>
  <testcase name="testTheLogin" time="0.0" classname="com.cashkaro.testScripts.testLogin"/>
  <testcase name="closeSignINFrame" time="1.135" classname="com.cashkaro.testScripts.testLogin"/>
  <testcase name="validSignINFrame" time="0.001" classname="com.cashkaro.testScripts.testLogin"/>
  <testcase name="validSignINFrame" time="0.001" classname="com.cashkaro.testScripts.testLogin"/>
  <testcase name="validSignINFrame" time="9.296" classname="com.cashkaro.testScripts.testLogin"/>
  <testcase name="tearDown" time="0.833" classname="com.cashkaro.testScripts.testLogin"/>
</testsuite> <!-- Login Test -->
